#
# A fatal error has been detected by the Java Runtime Environment:
#
#  SIGSEGV (0xb) at pc=0x00007fba2ebddf48, pid=12692, tid=140435499923200
#
# JRE version: Java(TM) SE Runtime Environment (8.0_45-b14) (build 1.8.0_45-b14)
# Java VM: Java HotSpot(TM) 64-Bit Server VM (25.45-b02 mixed mode linux-amd64 compressed oops)
# Problematic frame:
# V  [libjvm.so+0x6c3f48]  jni_invoke_nonstatic(JNIEnv_*, JavaValue*, _jobject*, JNICallType, _jmethodID*, JNI_ArgumentPusher*, Thread*)+0x38
#
# Failed to write core dump. Core dumps have been disabled. To enable core dumping, try "ulimit -c unlimited" before starting Java again
#
# If you would like to submit a bug report, please visit:
#   http://bugreport.java.com/bugreport/crash.jsp
#

---------------  T H R E A D  ---------------

Current thread (0x00007fba282a9800):  JavaThread "JavaFX Application Thread" [_thread_in_vm, id=12727, stack(0x00007fb9b0063000,0x00007fb9b0164000)]

siginfo: si_signo: 11 (SIGSEGV), si_code: 128 (SI_KERNEL), si_addr: 0x0000000000000000

Registers:
RAX=0x00007fb9b015fd40, RBX=0x00007fb9b015fc50, RCX=0x0000000000000001, RDX=0x65726a2f35345f30
RSP=0x00007fb9b015faa0, RBP=0x00007fb9b015fc20, RSI=0x00007fb9b015fcb0, RDI=0x00007fba282a99f8
R8 =0x00007fba281f7aa8, R9 =0x00007fb9b015fc50, R10=0x000000000000000c, R11=0x00007fba1965a380
R12=0x00007fba282a9800, R13=0x00007fba281f7aa8, R14=0x0000000000000001, R15=0x00007fba282a99f8
RIP=0x00007fba2ebddf48, EFLAGS=0x0000000000010206, CSGSFS=0x0000000000000033, ERR=0x0000000000000000
  TRAPNO=0x000000000000000d

Top of Stack: (sp=0x00007fb9b015faa0)
0x00007fb9b015faa0:   00007fb9b0160130 00007fba19015968
0x00007fb9b015fab0:   00007fb9b015fb00 00007fb9b015fb80
0x00007fb9b015fac0:   00007fb9b015fc50 00007fb9b015fcb0
0x00007fb9b015fad0:   00007fba282a99f8 00007fba2ebfd7e0
0x00007fb9b015fae0:   00007fb9c801b570 00007fb9c801b5f0
0x00007fb9b015faf0:   00007fb9c801b958 00000000000003d8
0x00007fb9b015fb00:   00007fba18514540 0000000770888590
0x00007fb9b015fb10:   00007fba0000006f 000000000000000a
0x00007fb9b015fb20:   000000076cff4800 00007fba00000000
0x00007fb9b015fb30:   00007fba18571840 00007fba282a9800
0x00007fb9b015fb40:   00007fb9b015fca8 00000001000001c0
0x00007fb9b015fb50:   00007fba18514540 00007fb9b015fb08
0x00007fb9b015fb60:   00007fb9b015fb49 0000000800000005
0x00007fb9b015fb70:   00007fba18514500 00007fba282a9800
0x00007fb9b015fb80:   00007fba2f459630 00007fba2c01d470
0x00007fb9b015fb90:   00000000708885d0 00007fba18514540
0x00007fb9b015fba0:   0000000000000000 00007fba282a9800
0x00007fb9b015fbb0:   00007fba1851e4a0 00007fba282a9800
0x00007fb9b015fbc0:   00007fba1851e4a0 00007fba282a9800
0x00007fb9b015fbd0:   00007fb9b015fc20 00007fba1851e4a0
0x00007fb9b015fbe0:   00007fba1851e4a0 00007fba1851e4a0
0x00007fb9b015fbf0:   00007fba282a99f8 00007fb9b015fc50
0x00007fb9b015fc00:   00007fba282a9800 00007fb9b015fc90
0x00007fb9b015fc10:   00007fba281f7aa8 00007fba282a99f8
0x00007fb9b015fc20:   00007fb9b015fd10 00007fba2ebe26ef
0x00007fb9b015fc30:   00007fba282a9800 00000000000000e8
0x00007fb9b015fc40:   00007fb9b015fd20 65726a2f35345f30
0x00007fb9b015fc50:   00007fba2f45a290 00007fba2c01d470
0x00007fb9b015fc60:   0000000000000006 00007fb900000063
0x00007fb9b015fc70:   0000000000000000 0000003000000018
0x00007fb9b015fc80:   00007fb9b015fe00 00007fb9b015fd40
0x00007fb9b015fc90:   00007fba282a9800 0000000000000000 

Instructions: (pc=0x00007fba2ebddf48)
0x00007fba2ebddf28:   00 00 48 85 d2 48 89 bd b0 fe ff ff 48 89 b5 a8
0x00007fba2ebddf38:   fe ff ff 4c 89 8d a0 fe ff ff 0f 84 10 09 00 00
0x00007fba2ebddf48:   4c 8b 22 4d 85 e4 0f 84 04 09 00 00 48 8b 45 10
0x00007fba2ebddf58:   48 8b 98 38 01 00 00 48 83 7b 18 f7 0f 87 06 06 

Register to memory mapping:

RAX=0x00007fb9b015fd40 is pointing into the stack for thread: 0x00007fba282a9800
RBX=0x00007fb9b015fc50 is pointing into the stack for thread: 0x00007fba282a9800
RCX=0x0000000000000001 is an unknown value
RDX=0x65726a2f35345f30 is an unknown value
RSP=0x00007fb9b015faa0 is pointing into the stack for thread: 0x00007fba282a9800
RBP=0x00007fb9b015fc20 is pointing into the stack for thread: 0x00007fba282a9800
RSI=0x00007fb9b015fcb0 is pointing into the stack for thread: 0x00007fba282a9800
RDI=0x00007fba282a99f8 is an unknown value
R8 =0x00007fba281f7aa8 is an unknown value
R9 =0x00007fb9b015fc50 is pointing into the stack for thread: 0x00007fba282a9800
R10=0x000000000000000c is an unknown value
R11=0x00007fba1965a380 is at entry_point+32 in (nmethod*)0x00007fba1965a210
R12=0x00007fba282a9800 is a thread
R13=0x00007fba281f7aa8 is an unknown value
R14=0x0000000000000001 is an unknown value
R15=0x00007fba282a99f8 is an unknown value


Stack: [0x00007fb9b0063000,0x00007fb9b0164000],  sp=0x00007fb9b015faa0,  free space=1010k
Native frames: (J=compiled Java code, j=interpreted, Vv=VM code, C=native code)
V  [libjvm.so+0x6c3f48]  jni_invoke_nonstatic(JNIEnv_*, JavaValue*, _jobject*, JNICallType, _jmethodID*, JNI_ArgumentPusher*, Thread*)+0x38
V  [libjvm.so+0x6c86ef]  jni_CallVoidMethodV+0x10f
C  [libglass.so+0x14408]  JNIEnv_::CallVoidMethod(_jobject*, _jmethodID*, ...)+0x98
C  [libglass.so+0x20f85]  WindowContextBase::process_key(_GdkEventKey*)+0x225
C  [libglass.so+0x142a0]  WindowContextBase::im_filter_keypress(_GdkEventKey*)+0x1f0
C  [libglass.so+0x1cf24]  process_events(_GdkEvent*, void*)+0x204
C  [libgdk-x11-2.0.so.0+0x5ab6c]

Java frames: (J=compiled Java code, j=interpreted, Vv=VM code)
j  com.sun.glass.ui.gtk.GtkApplication.enterNestedEventLoopImpl()V+0
j  com.sun.glass.ui.gtk.GtkApplication._enterNestedEventLoop()Ljava/lang/Object;+15
j  com.sun.glass.ui.Application.enterNestedEventLoop()Ljava/lang/Object;+14
j  com.sun.glass.ui.EventLoop.enter()Ljava/lang/Object;+42
j  com.sun.javafx.tk.quantum.QuantumToolkit.enterNestedEventLoop(Ljava/lang/Object;)Ljava/lang/Object;+107
j  javafx.stage.Stage.showAndWait()V+74
j  javafx.scene.control.HeavyweightDialog.showAndWait()V+11
j  javafx.scene.control.Dialog.showAndWait()Ljava/util/Optional;+41
j  boggle.client.BoggleWindow.lambda$0(Ljavafx/scene/control/Dialog;Ljavafx/event/ActionEvent;)V+1
j  boggle.client.BoggleWindow$$Lambda$101.handle(Ljavafx/event/Event;)V+12
j  com.sun.javafx.event.CompositeEventHandler.dispatchBubblingEvent(Ljavafx/event/Event;)V+51
J 1733 C1 com.sun.javafx.event.EventHandlerManager.dispatchBubblingEvent(Ljavafx/event/Event;)Ljavafx/event/Event; (23 bytes) @ 0x00007fba1957cddc [0x00007fba1957c760+0x67c]
J 1628 C1 com.sun.javafx.event.BasicEventDispatcher.dispatchEvent(Ljavafx/event/Event;Ljavafx/event/EventDispatchChain;)Ljavafx/event/Event; (44 bytes) @ 0x00007fba19547cf4 [0x00007fba195479c0+0x334]
J 1597 C1 com.sun.javafx.event.EventDispatchChainImpl.dispatchEvent(Ljavafx/event/Event;)Ljavafx/event/Event; (101 bytes) @ 0x00007fba19536cd4 [0x00007fba19536b20+0x1b4]
j  com.sun.javafx.event.EventUtil.fireEventImpl(Ljavafx/event/EventDispatchChain;Ljavafx/event/EventTarget;Ljavafx/event/Event;)Ljavafx/event/Event;+10
j  com.sun.javafx.event.EventUtil.fireEvent(Ljavafx/event/EventTarget;Ljavafx/event/Event;)Ljavafx/event/Event;+37
j  javafx.event.Event.fireEvent(Ljavafx/event/EventTarget;Ljavafx/event/Event;)V+30
j  javafx.scene.control.MenuItem.fire()V+10
j  com.sun.javafx.scene.control.skin.ContextMenuContent$MenuItemContainer.doSelect()V+97
j  com.sun.javafx.scene.control.skin.ContextMenuContent$MenuItemContainer.lambda$createChildren$341(Ljavafx/scene/input/MouseEvent;)V+1
j  com.sun.javafx.scene.control.skin.ContextMenuContent$MenuItemContainer$$Lambda$250.handle(Ljavafx/event/Event;)V+8
j  com.sun.javafx.event.CompositeEventHandler$NormalEventHandlerRecord.handleBubblingEvent(Ljavafx/event/Event;)V+5
j  com.sun.javafx.event.CompositeEventHandler.dispatchBubblingEvent(Ljavafx/event/Event;)V+28
J 1733 C1 com.sun.javafx.event.EventHandlerManager.dispatchBubblingEvent(Ljavafx/event/Event;)Ljavafx/event/Event; (23 bytes) @ 0x00007fba1957cddc [0x00007fba1957c760+0x67c]
J 1677 C1 com.sun.javafx.event.CompositeEventDispatcher.dispatchBubblingEvent(Ljavafx/event/Event;)Ljavafx/event/Event; (35 bytes) @ 0x00007fba1955cf1c [0x00007fba1955cd60+0x1bc]
J 1628 C1 com.sun.javafx.event.BasicEventDispatcher.dispatchEvent(Ljavafx/event/Event;Ljavafx/event/EventDispatchChain;)Ljavafx/event/Event; (44 bytes) @ 0x00007fba19547cf4 [0x00007fba195479c0+0x334]
J 1597 C1 com.sun.javafx.event.EventDispatchChainImpl.dispatchEvent(Ljavafx/event/Event;)Ljavafx/event/Event; (101 bytes) @ 0x00007fba19536cd4 [0x00007fba19536b20+0x1b4]
J 1628 C1 com.sun.javafx.event.BasicEventDispatcher.dispatchEvent(Ljavafx/event/Event;Ljavafx/event/EventDispatchChain;)Ljavafx/event/Event; (44 bytes) @ 0x00007fba19547c0c [0x00007fba195479c0+0x24c]
J 1597 C1 com.sun.javafx.event.EventDispatchChainImpl.dispatchEvent(Ljavafx/event/Event;)Ljavafx/event/Event; (101 bytes) @ 0x00007fba19536cd4 [0x00007fba19536b20+0x1b4]
J 1628 C1 com.sun.javafx.event.BasicEventDispatcher.dispatchEvent(Ljavafx/event/Event;Ljavafx/event/EventDispatchChain;)Ljavafx/event/Event; (44 bytes) @ 0x00007fba19547c0c [0x00007fba195479c0+0x24c]
J 1597 C1 com.sun.javafx.event.EventDispatchChainImpl.dispatchEvent(Ljavafx/event/Event;)Ljavafx/event/Event; (101 bytes) @ 0x00007fba19536cd4 [0x00007fba19536b20+0x1b4]
J 1628 C1 com.sun.javafx.event.BasicEventDispatcher.dispatchEvent(Ljavafx/event/Event;Ljavafx/event/EventDispatchChain;)Ljavafx/event/Event; (44 bytes) @ 0x00007fba19547c0c [0x00007fba195479c0+0x24c]
J 1597 C1 com.sun.javafx.event.EventDispatchChainImpl.dispatchEvent(Ljavafx/event/Event;)Ljavafx/event/Event; (101 bytes) @ 0x00007fba19536cd4 [0x00007fba19536b20+0x1b4]
j  com.sun.javafx.event.EventUtil.fireEventImpl(Ljavafx/event/EventDispatchChain;Ljavafx/event/EventTarget;Ljavafx/event/Event;)Ljavafx/event/Event;+10
j  com.sun.javafx.event.EventUtil.fireEvent(Ljavafx/event/EventTarget;Ljavafx/event/Event;)Ljavafx/event/Event;+46
j  javafx.event.Event.fireEvent(Ljavafx/event/EventTarget;Ljavafx/event/Event;)V+30
j  javafx.scene.Scene$MouseHandler.process(Ljavafx/scene/input/MouseEvent;Z)V+491
j  javafx.scene.Scene$MouseHandler.access$1500(Ljavafx/scene/Scene$MouseHandler;Ljavafx/scene/input/MouseEvent;Z)V+3
j  javafx.scene.Scene.impl_processMouseEvent(Ljavafx/scene/input/MouseEvent;)V+6
j  javafx.scene.Scene$ScenePeerListener.mouseEvent(Ljavafx/event/EventType;DDDDLjavafx/scene/input/MouseButton;ZZZZZZZZZ)V+46
j  com.sun.javafx.tk.quantum.GlassViewEventHandler$MouseEventNotification.run()Ljava/lang/Void;+438
j  com.sun.javafx.tk.quantum.GlassViewEventHandler$MouseEventNotification.run()Ljava/lang/Object;+1
v  ~StubRoutines::call_stub
J 1654  java.security.AccessController.doPrivileged(Ljava/security/PrivilegedAction;Ljava/security/AccessControlContext;)Ljava/lang/Object; (0 bytes) @ 0x00007fba19553e63 [0x00007fba19553e00+0x63]
j  com.sun.javafx.tk.quantum.GlassViewEventHandler.lambda$handleMouseEvent$350()Ljava/lang/Void;+11
j  com.sun.javafx.tk.quantum.GlassViewEventHandler$$Lambda$279.get()Ljava/lang/Object;+4
j  com.sun.javafx.tk.quantum.QuantumToolkit.runWithoutRenderLock(Ljava/util/function/Supplier;)Ljava/lang/Object;+18
j  com.sun.javafx.tk.quantum.GlassViewEventHandler.handleMouseEvent(Lcom/sun/glass/ui/View;JIIIIIIIZZ)V+103
j  com.sun.glass.ui.View.handleMouseEvent(JIIIIIIIZZ)V+30
j  com.sun.glass.ui.View.notifyMouse(IIIIIIIZZ)V+181
v  ~StubRoutines::call_stub
j  com.sun.glass.ui.gtk.GtkApplication._runLoop(Ljava/lang/Runnable;Z)V+0
j  com.sun.glass.ui.gtk.GtkApplication.lambda$null$48(Ljava/lang/Runnable;Z)V+7
j  com.sun.glass.ui.gtk.GtkApplication$$Lambda$42.run()V+12
j  java.lang.Thread.run()V+11
v  ~StubRoutines::call_stub

---------------  P R O C E S S  ---------------

Java Threads: ( => current thread )
  0x00007fb9a4248800 JavaThread "Prism Font Disposer" daemon [_thread_blocked, id=12729, stack(0x00007fb9aafc7000,0x00007fb9ab0c8000)]
  0x00007fba282ae000 JavaThread "JavaFX-Launcher" [_thread_blocked, id=12728, stack(0x00007fb9abeff000,0x00007fb9ac000000)]
=>0x00007fba282a9800 JavaThread "JavaFX Application Thread" [_thread_in_vm, id=12727, stack(0x00007fb9b0063000,0x00007fb9b0164000)]
  0x00007fba282a3800 JavaThread "Thread-1" daemon [_thread_blocked, id=12726, stack(0x00007fba08007000,0x00007fba08108000)]
  0x00007fba281dd800 JavaThread "QuantumRenderer-0" daemon [_thread_blocked, id=12717, stack(0x00007fba09458000,0x00007fba09559000)]
  0x00007fba280d0000 JavaThread "Service Thread" daemon [_thread_blocked, id=12715, stack(0x00007fba096ef000,0x00007fba097f0000)]
  0x00007fba280c3000 JavaThread "C1 CompilerThread3" daemon [_thread_blocked, id=12714, stack(0x00007fba097f0000,0x00007fba098f1000)]
  0x00007fba280c1000 JavaThread "C2 CompilerThread2" daemon [_thread_blocked, id=12713, stack(0x00007fba098f1000,0x00007fba099f2000)]
  0x00007fba280bf000 JavaThread "C2 CompilerThread1" daemon [_thread_blocked, id=12712, stack(0x00007fba099f2000,0x00007fba09af3000)]
  0x00007fba280bc000 JavaThread "C2 CompilerThread0" daemon [_thread_blocked, id=12711, stack(0x00007fba09af3000,0x00007fba09bf4000)]
  0x00007fba280ba800 JavaThread "Signal Dispatcher" daemon [_thread_blocked, id=12710, stack(0x00007fba09bf4000,0x00007fba09cf5000)]
  0x00007fba28084800 JavaThread "Finalizer" daemon [_thread_blocked, id=12709, stack(0x00007fba09e7e000,0x00007fba09f7f000)]
  0x00007fba28082800 JavaThread "Reference Handler" daemon [_thread_blocked, id=12708, stack(0x00007fba09f7f000,0x00007fba0a080000)]
  0x00007fba28007800 JavaThread "main" [_thread_blocked, id=12698, stack(0x00007fba2ffb2000,0x00007fba300b3000)]

Other Threads:
  0x00007fba2807d800 VMThread [stack: 0x00007fba0a080000,0x00007fba0a181000] [id=12707]
  0x00007fba280d2800 WatcherThread [stack: 0x00007fba095ee000,0x00007fba096ef000] [id=12716]

VM state:not at safepoint (normal execution)

VM Mutex/Monitor currently owned by a thread: None

Heap:
 PSYoungGen      total 75264K, used 18010K [0x000000076c980000, 0x0000000771d80000, 0x00000007c0000000)
  eden space 64512K, 11% used [0x000000076c980000,0x000000076d09a0d0,0x0000000770880000)
  from space 10752K, 99% used [0x0000000770880000,0x00000007712fc918,0x0000000771300000)
  to   space 10752K, 0% used [0x0000000771300000,0x0000000771300000,0x0000000771d80000)
 ParOldGen       total 172032K, used 32923K [0x00000006c5c00000, 0x00000006d0400000, 0x000000076c980000)
  object space 172032K, 19% used [0x00000006c5c00000,0x00000006c7c26fa8,0x00000006d0400000)
 Metaspace       used 16442K, capacity 17540K, committed 17792K, reserved 1064960K
  class space    used 2469K, capacity 2671K, committed 2688K, reserved 1048576K

Card table byte_map: [0x00007fba2ce28000,0x00007fba2d5fb000] byte_map_base: 0x00007fba297fa000

Marking Bits: (ParMarkBitMap*) 0x00007fba2f4b7760
 Begin Bits: [0x00007fb9ec2e0000, 0x00007fb9f0170000)
 End Bits:   [0x00007fb9f0170000, 0x00007fb9f4000000)

Polling page: 0x00007fba300e1000

CodeCache: size=245760Kb used=7613Kb max_used=7613Kb free=238146Kb
 bounds [0x00007fba19000000, 0x00007fba19780000, 0x00007fba28000000]
 total_blobs=3035 nmethods=2431 adapters=516
 compilation: enabled

Compilation events (10 events):
Event: 18,063 Thread 0x00007fba280bc000 nmethod 2428 0x00007fba1976f610 code [0x00007fba1976f760, 0x00007fba1976f888]
Event: 18,065 Thread 0x00007fba280c3000 nmethod 2427 0x00007fba1976f950 code [0x00007fba1976fe00, 0x00007fba19771ed8]
Event: 18,065 Thread 0x00007fba280c3000 2430       3       com.sun.javafx.sg.prism.NGShape::geometryChanged (45 bytes)
Event: 18,066 Thread 0x00007fba280c3000 nmethod 2430 0x00007fba1976e4d0 code [0x00007fba1976e6c0, 0x00007fba1976f238]
Event: 18,066 Thread 0x00007fba280c3000 2429       3       javafx.beans.binding.DoubleBinding::get (25 bytes)
Event: 18,067 Thread 0x00007fba280c3000 nmethod 2429 0x00007fba1976e050 code [0x00007fba1976e1c0, 0x00007fba1976e428]
Event: 18,288 Thread 0x00007fba280c3000 2431       3       com.sun.javafx.tk.quantum.GlassScene::getAccessControlContext (22 bytes)
Event: 18,289 Thread 0x00007fba280c3000 nmethod 2431 0x00007fba1976dbd0 code [0x00007fba1976dd40, 0x00007fba1976df88]
Event: 18,289 Thread 0x00007fba280c3000 2432       3       javafx.stage.Window::getScene (11 bytes)
Event: 18,289 Thread 0x00007fba280c3000 nmethod 2432 0x00007fba1976d4d0 code [0x00007fba1976d660, 0x00007fba1976daa8]

GC Heap History (2 events):
Event: 3,588 GC heap before
{Heap before GC invocations=1 (full 0):
 PSYoungGen      total 75264K, used 64512K [0x000000076c980000, 0x0000000771d80000, 0x00000007c0000000)
  eden space 64512K, 100% used [0x000000076c980000,0x0000000770880000,0x0000000770880000)
  from space 10752K, 0% used [0x0000000771300000,0x0000000771300000,0x0000000771d80000)
  to   space 10752K, 0% used [0x0000000770880000,0x0000000770880000,0x0000000771300000)
 ParOldGen       total 172032K, used 0K [0x00000006c5c00000, 0x00000006d0400000, 0x000000076c980000)
  object space 172032K, 0% used [0x00000006c5c00000,0x00000006c5c00000,0x00000006d0400000)
 Metaspace       used 16054K, capacity 17202K, committed 17280K, reserved 1064960K
  class space    used 2462K, capacity 2670K, committed 2688K, reserved 1048576K
Event: 3,598 GC heap after
Heap after GC invocations=1 (full 0):
 PSYoungGen      total 75264K, used 10738K [0x000000076c980000, 0x0000000771d80000, 0x00000007c0000000)
  eden space 64512K, 0% used [0x000000076c980000,0x000000076c980000,0x0000000770880000)
  from space 10752K, 99% used [0x0000000770880000,0x00000007712fc918,0x0000000771300000)
  to   space 10752K, 0% used [0x0000000771300000,0x0000000771300000,0x0000000771d80000)
 ParOldGen       total 172032K, used 32923K [0x00000006c5c00000, 0x00000006d0400000, 0x000000076c980000)
  object space 172032K, 19% used [0x00000006c5c00000,0x00000006c7c26fa8,0x00000006d0400000)
 Metaspace       used 16054K, capacity 17202K, committed 17280K, reserved 1064960K
  class space    used 2462K, capacity 2670K, committed 2688K, reserved 1048576K
}

Deoptimization events (10 events):
Event: 0,633 Thread 0x00007fba282a9800 Uncommon trap: reason=array_check action=maybe_recompile pc=0x00007fba19402d68 method=com.sun.javafx.css.SimpleSelector.applies(Ljavafx/css/Styleable;[Ljava/util/Set;I)Z @ 37
Event: 0,754 Thread 0x00007fba282a9800 Uncommon trap: reason=unstable_if action=reinterpret pc=0x00007fba19364cb4 method=jdk.internal.org.objectweb.asm.Type.getArgumentsAndReturnSizes(Ljava/lang/String;)I @ 47
Event: 0,798 Thread 0x00007fba281dd800 Uncommon trap: reason=unstable_if action=reinterpret pc=0x00007fba194e5014 method=com.sun.javafx.image.impl.ByteRgb$ToIntFrgbConv.doConvert([BII[IIIII)V @ 22
Event: 2,761 Thread 0x00007fba282a9800 Uncommon trap: reason=array_check action=maybe_recompile pc=0x00007fba1949d9e0 method=com.sun.javafx.css.SimpleSelector.applies(Ljavafx/css/Styleable;[Ljava/util/Set;I)Z @ 37
Event: 2,773 Thread 0x00007fba282a9800 Uncommon trap: reason=class_check action=maybe_recompile pc=0x00007fba19562074 method=javafx.scene.Node.updateLocalToParentTransform()V @ 11
Event: 2,774 Thread 0x00007fba282a9800 Uncommon trap: reason=class_check action=maybe_recompile pc=0x00007fba19562074 method=javafx.scene.Node.updateLocalToParentTransform()V @ 11
Event: 2,774 Thread 0x00007fba282a9800 Uncommon trap: reason=class_check action=maybe_recompile pc=0x00007fba19562074 method=javafx.scene.Node.updateLocalToParentTransform()V @ 11
Event: 2,774 Thread 0x00007fba282a9800 Uncommon trap: reason=class_check action=maybe_recompile pc=0x00007fba19562074 method=javafx.scene.Node.updateLocalToParentTransform()V @ 11
Event: 3,568 Thread 0x00007fba282a9800 Uncommon trap: reason=unstable_if action=reinterpret pc=0x00007fba194d3434 method=java.lang.StrictMath.floorOrCeil(DDDD)D @ 38
Event: 3,571 Thread 0x00007fba282a9800 Uncommon trap: reason=unstable_if action=reinterpret pc=0x00007fba194c4258 method=javafx.scene.CssStyleHelper.lookup(Ljavafx/css/Styleable;Ljavafx/css/CssMetaData;Lcom/sun/javafx/css/StyleMap;Ljava/util/Set;Ljavafx/css/Styleable;Lcom/sun/javafx/css/Calcul

Internal exceptions (10 events):
Event: 0,072 Thread 0x00007fba28007800 Exception <a 'java/lang/NoSuchFieldError': method resolution failed> (0x000000076cd995e8) thrown at [/RE-WORK/workspace/8-2-build-linux-amd64/jdk8u45/3457/hotspot/src/share/vm/prims/methodHandles.cpp, line 1125]
Event: 0,073 Thread 0x00007fba28007800 Exception <a 'java/lang/NoSuchFieldError': method resolution failed> (0x000000076cda7cb8) thrown at [/RE-WORK/workspace/8-2-build-linux-amd64/jdk8u45/3457/hotspot/src/share/vm/prims/methodHandles.cpp, line 1125]
Event: 0,084 Thread 0x00007fba28007800 Exception <a 'java/security/PrivilegedActionException'> (0x000000076ce2ff10) thrown at [/RE-WORK/workspace/8-2-build-linux-amd64/jdk8u45/3457/hotspot/src/share/vm/prims/jvm.cpp, line 1382]
Event: 0,084 Thread 0x00007fba28007800 Exception <a 'java/security/PrivilegedActionException'> (0x000000076ce300c8) thrown at [/RE-WORK/workspace/8-2-build-linux-amd64/jdk8u45/3457/hotspot/src/share/vm/prims/jvm.cpp, line 1382]
Event: 0,084 Thread 0x00007fba28007800 Exception <a 'java/security/PrivilegedActionException'> (0x000000076ce32380) thrown at [/RE-WORK/workspace/8-2-build-linux-amd64/jdk8u45/3457/hotspot/src/share/vm/prims/jvm.cpp, line 1382]
Event: 0,084 Thread 0x00007fba28007800 Exception <a 'java/security/PrivilegedActionException'> (0x000000076ce32538) thrown at [/RE-WORK/workspace/8-2-build-linux-amd64/jdk8u45/3457/hotspot/src/share/vm/prims/jvm.cpp, line 1382]
Event: 0,084 Thread 0x00007fba28007800 Exception <a 'java/lang/NullPointerException'> (0x000000076ce32ab8) thrown at [/RE-WORK/workspace/8-2-build-linux-amd64/jdk8u45/3457/hotspot/src/share/vm/interpreter/linkResolver.cpp, line 1178]
Event: 0,296 Thread 0x00007fba282a9800 Exception <a 'java/lang/NullPointerException'> (0x000000076d896eb8) thrown at [/RE-WORK/workspace/8-2-build-linux-amd64/jdk8u45/3457/hotspot/src/share/vm/interpreter/linkResolver.cpp, line 1178]
Event: 0,296 Thread 0x00007fba282a9800 Exception <a 'java/lang/NullPointerException'> (0x000000076d896eb8) thrown at [/RE-WORK/workspace/8-2-build-linux-amd64/jdk8u45/3457/hotspot/src/share/vm/prims/jvm.cpp, line 1386]
Event: 0,422 Thread 0x00007fba282a9800 Implicit null exception at 0x00007fba1928cfb3 to 0x00007fba1928d3a1

Events (10 events):
Event: 5,429 loading class com/sun/javafx/scene/input/KeyCodeMap
Event: 5,429 loading class com/sun/javafx/scene/input/KeyCodeMap done
Event: 5,440 loading class com/sun/prism/shape/ShapeRep$InvalidationType
Event: 5,440 loading class com/sun/prism/shape/ShapeRep$InvalidationType done
Event: 8,705 loading class com/sun/javafx/scene/traversal/Direction
Event: 8,705 loading class com/sun/javafx/scene/traversal/Direction done
Event: 8,705 loading class com/sun/javafx/scene/traversal/ContainerTabOrder$1
Event: 8,705 loading class com/sun/javafx/scene/traversal/ContainerTabOrder$1 done
Event: 18,289 loading class javafx/scene/input/KeyCombination$2
Event: 18,289 loading class javafx/scene/input/KeyCombination$2 done


Dynamic libraries:
00400000-00401000 r-xp 00000000 08:09 21890051                           /usr/lib/jvm/jdk1.8.0_45/bin/java
00600000-00601000 rw-p 00000000 08:09 21890051                           /usr/lib/jvm/jdk1.8.0_45/bin/java
00f5d000-00f7e000 rw-p 00000000 00:00 0                                  [heap]
6c5c00000-6d0400000 rw-p 00000000 00:00 0 
6d0400000-76c980000 ---p 00000000 00:00 0 
76c980000-771d80000 rw-p 00000000 00:00 0 
771d80000-7c0000000 ---p 00000000 00:00 0 
7c0000000-7c02a0000 rw-p 00000000 00:00 0 
7c02a0000-800000000 ---p 00000000 00:00 0 
7fb998000000-7fb998021000 rw-p 00000000 00:00 0 
7fb998021000-7fb99c000000 ---p 00000000 00:00 0 
7fb9a0000000-7fb9a0021000 rw-p 00000000 00:00 0 
7fb9a0021000-7fb9a4000000 ---p 00000000 00:00 0 
7fb9a4000000-7fb9a478e000 rw-p 00000000 00:00 0 
7fb9a478e000-7fb9a8000000 ---p 00000000 00:00 0 
7fb9aa6d5000-7fb9aa795000 rw-p 00000000 00:00 0 
7fb9aa795000-7fb9aa8d5000 ---p 00000000 00:00 0 
7fb9aa8d5000-7fb9aaba3000 rw-p 00000000 00:00 0 
7fb9aaba3000-7fb9aabb3000 r-xp 00000000 08:09 21889903                   /usr/lib/jvm/jdk1.8.0_45/jre/lib/amd64/libdecora_sse.so
7fb9aabb3000-7fb9aadb2000 ---p 00010000 08:09 21889903                   /usr/lib/jvm/jdk1.8.0_45/jre/lib/amd64/libdecora_sse.so
7fb9aadb2000-7fb9aadb3000 r--p 0000f000 08:09 21889903                   /usr/lib/jvm/jdk1.8.0_45/jre/lib/amd64/libdecora_sse.so
7fb9aadb3000-7fb9aadb4000 rw-p 00010000 08:09 21889903                   /usr/lib/jvm/jdk1.8.0_45/jre/lib/amd64/libdecora_sse.so
7fb9aadb4000-7fb9aadc7000 r--s 00344000 08:09 21889847                   /usr/lib/jvm/jdk1.8.0_45/jre/lib/resources.jar
7fb9aadc7000-7fb9aafc7000 rw-p 00000000 00:00 0 
7fb9aafc7000-7fb9aafca000 ---p 00000000 00:00 0 
7fb9aafca000-7fb9ab0c8000 rw-p 00000000 00:00 0                          [stack:12729]
7fb9ab0c8000-7fb9ab17e000 r--p 00000000 08:09 41313895                   /usr/share/fonts/truetype/dejavu/DejaVuSans.ttf
7fb9ab17e000-7fb9ab1b8000 r--p 00000000 08:09 21889682                   /usr/lib/jvm/jdk1.8.0_45/jre/lib/fonts/LucidaTypewriterBold.ttf
7fb9ab1b8000-7fb9ab20d000 r--p 00000000 08:09 21889680                   /usr/lib/jvm/jdk1.8.0_45/jre/lib/fonts/LucidaBrightRegular.ttf
7fb9ab20d000-7fb9ab2b8000 r--p 00000000 08:09 21889677                   /usr/lib/jvm/jdk1.8.0_45/jre/lib/fonts/LucidaSansRegular.ttf
7fb9ab2b8000-7fb9ab2bc000 r-xp 00000000 08:09 21889931                   /usr/lib/jvm/jdk1.8.0_45/jre/lib/amd64/libjavafx_font_pango.so
7fb9ab2bc000-7fb9ab4bb000 ---p 00004000 08:09 21889931                   /usr/lib/jvm/jdk1.8.0_45/jre/lib/amd64/libjavafx_font_pango.so
7fb9ab4bb000-7fb9ab4bc000 r--p 00003000 08:09 21889931                   /usr/lib/jvm/jdk1.8.0_45/jre/lib/amd64/libjavafx_font_pango.so
7fb9ab4bc000-7fb9ab4bd000 rw-p 00004000 08:09 21889931                   /usr/lib/jvm/jdk1.8.0_45/jre/lib/amd64/libjavafx_font_pango.so
7fb9ab4bd000-7fb9ab6bd000 rw-p 00000000 00:00 0 
7fb9ab6bd000-7fb9ab6c2000 r-xp 00000000 08:09 21889904                   /usr/lib/jvm/jdk1.8.0_45/jre/lib/amd64/libjavafx_font_freetype.so
7fb9ab6c2000-7fb9ab8c1000 ---p 00005000 08:09 21889904                   /usr/lib/jvm/jdk1.8.0_45/jre/lib/amd64/libjavafx_font_freetype.so
7fb9ab8c1000-7fb9ab8c2000 r--p 00004000 08:09 21889904                   /usr/lib/jvm/jdk1.8.0_45/jre/lib/amd64/libjavafx_font_freetype.so
7fb9ab8c2000-7fb9ab8c3000 rw-p 00005000 08:09 21889904                   /usr/lib/jvm/jdk1.8.0_45/jre/lib/amd64/libjavafx_font_freetype.so
7fb9ab8c3000-7fb9ab8c6000 r-xp 00000000 08:09 21889884                   /usr/lib/jvm/jdk1.8.0_45/jre/lib/amd64/libjavafx_font.so
7fb9ab8c6000-7fb9abac5000 ---p 00003000 08:09 21889884                   /usr/lib/jvm/jdk1.8.0_45/jre/lib/amd64/libjavafx_font.so
7fb9abac5000-7fb9abac6000 r--p 00002000 08:09 21889884                   /usr/lib/jvm/jdk1.8.0_45/jre/lib/amd64/libjavafx_font.so
7fb9abac6000-7fb9abac7000 rw-p 00003000 08:09 21889884                   /usr/lib/jvm/jdk1.8.0_45/jre/lib/amd64/libjavafx_font.so
7fb9abac7000-7fb9abcc7000 rw-p 00000000 00:00 0 
7fb9abcc7000-7fb9abcfe000 r-xp 00000000 08:09 21889925                   /usr/lib/jvm/jdk1.8.0_45/jre/lib/amd64/libjavafx_iio.so
7fb9abcfe000-7fb9abefd000 ---p 00037000 08:09 21889925                   /usr/lib/jvm/jdk1.8.0_45/jre/lib/amd64/libjavafx_iio.so
7fb9abefd000-7fb9abefe000 r--p 00036000 08:09 21889925                   /usr/lib/jvm/jdk1.8.0_45/jre/lib/amd64/libjavafx_iio.so
7fb9abefe000-7fb9abeff000 rw-p 00037000 08:09 21889925                   /usr/lib/jvm/jdk1.8.0_45/jre/lib/amd64/libjavafx_iio.so
7fb9abeff000-7fb9abf02000 ---p 00000000 00:00 0 
7fb9abf02000-7fb9ac000000 rw-p 00000000 00:00 0                          [stack:12728]
7fb9ac000000-7fb9ac021000 rw-p 00000000 00:00 0 
7fb9ac021000-7fb9b0000000 ---p 00000000 00:00 0 
7fb9b0001000-7fb9b0015000 r--p 00000000 08:09 21889678                   /usr/lib/jvm/jdk1.8.0_45/jre/lib/fonts/LucidaBrightItalic.ttf
7fb9b0015000-7fb9b0063000 r--p 00000000 08:09 21889674                   /usr/lib/jvm/jdk1.8.0_45/jre/lib/fonts/LucidaSansDemiBold.ttf
7fb9b0063000-7fb9b0066000 ---p 00000000 00:00 0 
7fb9b0066000-7fb9b0164000 rw-p 00000000 00:00 0                          [stack:12727]
7fb9b0164000-7fb9b016d000 r-xp 00000000 08:09 21792948                   /usr/lib/x86_64-linux-gnu/libltdl.so.7.3.0
7fb9b016d000-7fb9b036c000 ---p 00009000 08:09 21792948                   /usr/lib/x86_64-linux-gnu/libltdl.so.7.3.0
7fb9b036c000-7fb9b036d000 r--p 00008000 08:09 21792948                   /usr/lib/x86_64-linux-gnu/libltdl.so.7.3.0
7fb9b036d000-7fb9b036e000 rw-p 00009000 08:09 21792948                   /usr/lib/x86_64-linux-gnu/libltdl.so.7.3.0
7fb9b036e000-7fb9b0382000 r-xp 00000000 08:09 21792952                   /usr/lib/x86_64-linux-gnu/libtdb.so.1.3.6
7fb9b0382000-7fb9b0581000 ---p 00014000 08:09 21792952                   /usr/lib/x86_64-linux-gnu/libtdb.so.1.3.6
7fb9b0581000-7fb9b0582000 r--p 00013000 08:09 21792952                   /usr/lib/x86_64-linux-gnu/libtdb.so.1.3.6
7fb9b0582000-7fb9b0583000 rw-p 00014000 08:09 21792952                   /usr/lib/x86_64-linux-gnu/libtdb.so.1.3.6
7fb9b0583000-7fb9b058a000 r-xp 00000000 08:09 21792950                   /usr/lib/x86_64-linux-gnu/libogg.so.0.8.2
7fb9b058a000-7fb9b078a000 ---p 00007000 08:09 21792950                   /usr/lib/x86_64-linux-gnu/libogg.so.0.8.2
7fb9b078a000-7fb9b078b000 r--p 00007000 08:09 21792950                   /usr/lib/x86_64-linux-gnu/libogg.so.0.8.2
7fb9b078b000-7fb9b078c000 rw-p 00008000 08:09 21792950                   /usr/lib/x86_64-linux-gnu/libogg.so.0.8.2
7fb9b078c000-7fb9b07b7000 r-xp 00000000 08:09 21792954                   /usr/lib/x86_64-linux-gnu/libvorbis.so.0.4.7
7fb9b07b7000-7fb9b09b7000 ---p 0002b000 08:09 21792954                   /usr/lib/x86_64-linux-gnu/libvorbis.so.0.4.7
7fb9b09b7000-7fb9b09b8000 r--p 0002b000 08:09 21792954                   /usr/lib/x86_64-linux-gnu/libvorbis.so.0.4.7
7fb9b09b8000-7fb9b09b9000 rw-p 0002c000 08:09 21792954                   /usr/lib/x86_64-linux-gnu/libvorbis.so.0.4.7
7fb9b09b9000-7fb9b09c1000 r-xp 00000000 08:09 21792956                   /usr/lib/x86_64-linux-gnu/libvorbisfile.so.3.3.6
7fb9b09c1000-7fb9b0bc0000 ---p 00008000 08:09 21792956                   /usr/lib/x86_64-linux-gnu/libvorbisfile.so.3.3.6
7fb9b0bc0000-7fb9b0bc1000 r--p 00007000 08:09 21792956                   /usr/lib/x86_64-linux-gnu/libvorbisfile.so.3.3.6
7fb9b0bc1000-7fb9b0bc2000 rw-p 00008000 08:09 21792956                   /usr/lib/x86_64-linux-gnu/libvorbisfile.so.3.3.6
7fb9b0bc2000-7fb9b0bc6000 r-xp 00000000 08:09 21795889                   /usr/lib/x86_64-linux-gnu/libcanberra-gtk.so.0.1.9
7fb9b0bc6000-7fb9b0dc6000 ---p 00004000 08:09 21795889                   /usr/lib/x86_64-linux-gnu/libcanberra-gtk.so.0.1.9
7fb9b0dc6000-7fb9b0dc7000 rw-p 00004000 08:09 21795889                   /usr/lib/x86_64-linux-gnu/libcanberra-gtk.so.0.1.9
7fb9b0dc7000-7fb9b0dd9000 r-xp 00000000 08:09 21792958                   /usr/lib/x86_64-linux-gnu/libcanberra.so.0.2.5
7fb9b0dd9000-7fb9b0fd9000 ---p 00012000 08:09 21792958                   /usr/lib/x86_64-linux-gnu/libcanberra.so.0.2.5
7fb9b0fd9000-7fb9b0fda000 rw-p 00012000 08:09 21792958                   /usr/lib/x86_64-linux-gnu/libcanberra.so.0.2.5
7fb9b0fda000-7fb9b0fe0000 r-xp 00000000 08:09 21826477                   /usr/lib/x86_64-linux-gnu/gtk-2.0/modules/libcanberra-gtk-module.so
7fb9b0fe0000-7fb9b11df000 ---p 00006000 08:09 21826477                   /usr/lib/x86_64-linux-gnu/gtk-2.0/modules/libcanberra-gtk-module.so
7fb9b11df000-7fb9b11e0000 rw-p 00005000 08:09 21826477                   /usr/lib/x86_64-linux-gnu/gtk-2.0/modules/libcanberra-gtk-module.so
7fb9b11e0000-7fb9b11e3000 r-xp 00000000 08:09 21799340                   /usr/lib/x86_64-linux-gnu/gtk-2.0/2.10.0/engines/libadwaita.so
7fb9b11e3000-7fb9b13e2000 ---p 00003000 08:09 21799340                   /usr/lib/x86_64-linux-gnu/gtk-2.0/2.10.0/engines/libadwaita.so
7fb9b13e2000-7fb9b13e3000 r--p 00002000 08:09 21799340                   /usr/lib/x86_64-linux-gnu/gtk-2.0/2.10.0/engines/libadwaita.so
7fb9b13e3000-7fb9b13e4000 rw-p 00003000 08:09 21799340                   /usr/lib/x86_64-linux-gnu/gtk-2.0/2.10.0/engines/libadwaita.so
7fb9b13e4000-7fb9b13ee000 r-xp 00000000 08:09 21801050                   /usr/lib/x86_64-linux-gnu/gtk-2.0/2.10.0/engines/libpixmap.so
7fb9b13ee000-7fb9b15ed000 ---p 0000a000 08:09 21801050                   /usr/lib/x86_64-linux-gnu/gtk-2.0/2.10.0/engines/libpixmap.so
7fb9b15ed000-7fb9b15ef000 r--p 00009000 08:09 21801050                   /usr/lib/x86_64-linux-gnu/gtk-2.0/2.10.0/engines/libpixmap.so
7fb9b15ef000-7fb9b15f0000 rw-p 0000b000 08:09 21801050                   /usr/lib/x86_64-linux-gnu/gtk-2.0/2.10.0/engines/libpixmap.so
7fb9b15f0000-7fb9b161b000 r-xp 00000000 08:09 21889910                   /usr/lib/jvm/jdk1.8.0_45/jre/lib/amd64/libglass.so
7fb9b161b000-7fb9b181a000 ---p 0002b000 08:09 21889910                   /usr/lib/jvm/jdk1.8.0_45/jre/lib/amd64/libglass.so
7fb9b181a000-7fb9b181c000 r--p 0002a000 08:09 21889910                   /usr/lib/jvm/jdk1.8.0_45/jre/lib/amd64/libglass.so
7fb9b181c000-7fb9b181d000 rw-p 0002c000 08:09 21889910                   /usr/lib/jvm/jdk1.8.0_45/jre/lib/amd64/libglass.so
7fb9b181d000-7fb9b181e000 rw-p 00000000 00:00 0 
7fb9b181e000-7fb9b182e000 r-xp 00000000 08:09 21889913                   /usr/lib/jvm/jdk1.8.0_45/jre/lib/amd64/libprism_sw.so
7fb9b182e000-7fb9b1a2d000 ---p 00010000 08:09 21889913                   /usr/lib/jvm/jdk1.8.0_45/jre/lib/amd64/libprism_sw.so
7fb9b1a2d000-7fb9b1a2e000 r--p 0000f000 08:09 21889913                   /usr/lib/jvm/jdk1.8.0_45/jre/lib/amd64/libprism_sw.so
7fb9b1a2e000-7fb9b1a2f000 rw-p 00010000 08:09 21889913                   /usr/lib/jvm/jdk1.8.0_45/jre/lib/amd64/libprism_sw.so
7fb9b1a2f000-7fb9b1a66000 r-xp 00000000 08:09 21794046                   /usr/lib/x86_64-linux-gnu/libtxc_dxtn_s2tc.so.0.0.0
7fb9b1a66000-7fb9b1c65000 ---p 00037000 08:09 21794046                   /usr/lib/x86_64-linux-gnu/libtxc_dxtn_s2tc.so.0.0.0
7fb9b1c65000-7fb9b1c66000 r--p 00036000 08:09 21794046                   /usr/lib/x86_64-linux-gnu/libtxc_dxtn_s2tc.so.0.0.0
7fb9b1c66000-7fb9b1c67000 rw-p 00037000 08:09 21794046                   /usr/lib/x86_64-linux-gnu/libtxc_dxtn_s2tc.so.0.0.0
7fb9b1c67000-7fb9b1c68000 ---p 00000000 00:00 0 
7fb9b1c68000-7fb9b2468000 rw-p 00000000 00:00 0                          [stack:12725]
7fb9b2468000-7fb9b2469000 ---p 00000000 00:00 0 
7fb9b2469000-7fb9b2c69000 rw-p 00000000 00:00 0                          [stack:12724]
7fb9b2c69000-7fb9b2c6a000 ---p 00000000 00:00 0 
7fb9b2c6a000-7fb9b346a000 rw-p 00000000 00:00 0                          [stack:12723]
7fb9b346a000-7fb9b346b000 ---p 00000000 00:00 0 
7fb9b346b000-7fb9b3c6b000 rw-p 00000000 00:00 0                          [stack:12722]
7fb9b3c6b000-7fb9b3c6c000 ---p 00000000 00:00 0 
7fb9b3c6c000-7fb9b446c000 rw-p 00000000 00:00 0                          [stack:12721]
7fb9b446c000-7fb9b446d000 ---p 00000000 00:00 0 
7fb9b446d000-7fb9b4c6d000 rw-p 00000000 00:00 0                          [stack:12720]
7fb9b4c6d000-7fb9b4c6e000 ---p 00000000 00:00 0 
7fb9b4c6e000-7fb9b546e000 rw-p 00000000 00:00 0                          [stack:12719]
7fb9b546e000-7fb9b546f000 ---p 00000000 00:00 0 
7fb9b546f000-7fb9b5c6f000 rw-p 00000000 00:00 0                          [stack:12718]
7fb9b5c6f000-7fb9b5c7d000 r-xp 00000000 08:06 540711                     /lib/x86_64-linux-gnu/libbsd.so.0.7.0
7fb9b5c7d000-7fb9b5e7c000 ---p 0000e000 08:06 540711                     /lib/x86_64-linux-gnu/libbsd.so.0.7.0
7fb9b5e7c000-7fb9b5e7d000 r--p 0000d000 08:06 540711                     /lib/x86_64-linux-gnu/libbsd.so.0.7.0
7fb9b5e7d000-7fb9b5e7e000 rw-p 0000e000 08:06 540711                     /lib/x86_64-linux-gnu/libbsd.so.0.7.0
7fb9b5e7e000-7fb9b5e7f000 rw-p 00000000 00:00 0 
7fb9b5e7f000-7fb9b5ea5000 r-xp 00000000 08:06 538667                     /lib/x86_64-linux-gnu/libtinfo.so.5.9
7fb9b5ea5000-7fb9b60a4000 ---p 00026000 08:06 538667                     /lib/x86_64-linux-gnu/libtinfo.so.5.9
7fb9b60a4000-7fb9b60a8000 r--p 00025000 08:06 538667                     /lib/x86_64-linux-gnu/libtinfo.so.5.9
7fb9b60a8000-7fb9b60a9000 rw-p 00029000 08:06 538667                     /lib/x86_64-linux-gnu/libtinfo.so.5.9
7fb9b60a9000-7fb9b60db000 r-xp 00000000 08:09 21791396                   /usr/lib/x86_64-linux-gnu/libedit.so.2.0.51
7fb9b60db000-7fb9b62db000 ---p 00032000 08:09 21791396                   /usr/lib/x86_64-linux-gnu/libedit.so.2.0.51
7fb9b62db000-7fb9b62dd000 r--p 00032000 08:09 21791396                   /usr/lib/x86_64-linux-gnu/libedit.so.2.0.51
7fb9b62dd000-7fb9b62de000 rw-p 00034000 08:09 21791396                   /usr/lib/x86_64-linux-gnu/libedit.so.2.0.51
7fb9b62de000-7fb9b62e2000 rw-p 00000000 00:00 0 
7fb9b62e2000-7fb9b7e1e000 r-xp 00000000 08:09 21792833                   /usr/lib/x86_64-linux-gnu/libLLVM-3.5.so.1
7fb9b7e1e000-7fb9b7ff0000 rw-p 01b3b000 08:09 21792833                   /usr/lib/x86_64-linux-gnu/libLLVM-3.5.so.1
7fb9b7ff0000-7fb9b8006000 rw-p 00000000 00:00 0 
7fb9b8006000-7fb9b8012000 r-xp 00000000 08:09 21792827                   /usr/lib/x86_64-linux-gnu/libdrm_radeon.so.1.0.1
7fb9b8012000-7fb9b8211000 ---p 0000c000 08:09 21792827                   /usr/lib/x86_64-linux-gnu/libdrm_radeon.so.1.0.1
7fb9b8211000-7fb9b8212000 r--p 0000b000 08:09 21792827                   /usr/lib/x86_64-linux-gnu/libdrm_radeon.so.1.0.1
7fb9b8212000-7fb9b8213000 rw-p 0000c000 08:09 21792827                   /usr/lib/x86_64-linux-gnu/libdrm_radeon.so.1.0.1
7fb9b8213000-7fb9b8228000 r-xp 00000000 08:09 21792829                   /usr/lib/x86_64-linux-gnu/libelf-0.159.so
7fb9b8228000-7fb9b8427000 ---p 00015000 08:09 21792829                   /usr/lib/x86_64-linux-gnu/libelf-0.159.so
7fb9b8427000-7fb9b8428000 r--p 00014000 08:09 21792829                   /usr/lib/x86_64-linux-gnu/libelf-0.159.so
7fb9b8428000-7fb9b8429000 rw-p 00015000 08:09 21792829                   /usr/lib/x86_64-linux-gnu/libelf-0.159.so
7fb9b8429000-7fb9b842f000 r-xp 00000000 08:09 21792825                   /usr/lib/x86_64-linux-gnu/libdrm_nouveau.so.2.0.0
7fb9b842f000-7fb9b862e000 ---p 00006000 08:09 21792825                   /usr/lib/x86_64-linux-gnu/libdrm_nouveau.so.2.0.0
7fb9b862e000-7fb9b862f000 r--p 00005000 08:09 21792825                   /usr/lib/x86_64-linux-gnu/libdrm_nouveau.so.2.0.0
7fb9b862f000-7fb9b8630000 rw-p 00006000 08:09 21792825                   /usr/lib/x86_64-linux-gnu/libdrm_nouveau.so.2.0.0
7fb9b8630000-7fb9b8d9a000 r-xp 00000000 08:09 21800657                   /usr/lib/x86_64-linux-gnu/dri/swrast_dri.so
7fb9b8d9a000-7fb9b8f9a000 ---p 0076a000 08:09 21800657                   /usr/lib/x86_64-linux-gnu/dri/swrast_dri.so
7fb9b8f9a000-7fb9b8ff0000 r--p 0076a000 08:09 21800657                   /usr/lib/x86_64-linux-gnu/dri/swrast_dri.so
7fb9b8ff0000-7fb9b8ffc000 rw-p 007c0000 08:09 21800657                   /usr/lib/x86_64-linux-gnu/dri/swrast_dri.so
7fb9b8ffc000-7fb9b91e4000 rw-p 00000000 00:00 0 
7fb9b91e4000-7fb9b91ea000 r-xp 00000000 08:09 21792792                   /usr/lib/x86_64-linux-gnu/libdatrie.so.1.3.1
7fb9b91ea000-7fb9b93ea000 ---p 00006000 08:09 21792792                   /usr/lib/x86_64-linux-gnu/libdatrie.so.1.3.1
7fb9b93ea000-7fb9b93eb000 r--p 00006000 08:09 21792792                   /usr/lib/x86_64-linux-gnu/libdatrie.so.1.3.1
7fb9b93eb000-7fb9b93ec000 rw-p 00007000 08:09 21792792                   /usr/lib/x86_64-linux-gnu/libdatrie.so.1.3.1
7fb9b93ec000-7fb9b93f1000 r-xp 00000000 08:09 21792717                   /usr/lib/x86_64-linux-gnu/libXdmcp.so.6.0.0
7fb9b93f1000-7fb9b95f0000 ---p 00005000 08:09 21792717                   /usr/lib/x86_64-linux-gnu/libXdmcp.so.6.0.0
7fb9b95f0000-7fb9b95f1000 rw-p 00004000 08:09 21792717                   /usr/lib/x86_64-linux-gnu/libXdmcp.so.6.0.0
7fb9b95f1000-7fb9b95f4000 r-xp 00000000 08:09 21792715                   /usr/lib/x86_64-linux-gnu/libXau.so.6.0.0
7fb9b95f4000-7fb9b97f3000 ---p 00003000 08:09 21792715                   /usr/lib/x86_64-linux-gnu/libXau.so.6.0.0
7fb9b97f3000-7fb9b97f4000 r--p 00002000 08:09 21792715                   /usr/lib/x86_64-linux-gnu/libXau.so.6.0.0
7fb9b97f4000-7fb9b97f5000 rw-p 00003000 08:09 21792715                   /usr/lib/x86_64-linux-gnu/libXau.so.6.0.0
7fb9b97f5000-7fb9b9821000 r-xp 00000000 08:09 21792798                   /usr/lib/x86_64-linux-gnu/libgraphite2.so.3.0.1
7fb9b9821000-7fb9b9a20000 ---p 0002c000 08:09 21792798                   /usr/lib/x86_64-linux-gnu/libgraphite2.so.3.0.1
7fb9b9a20000-7fb9b9a23000 r--p 0002b000 08:09 21792798                   /usr/lib/x86_64-linux-gnu/libgraphite2.so.3.0.1
7fb9b9a23000-7fb9b9a24000 rw-p 0002e000 08:09 21792798                   /usr/lib/x86_64-linux-gnu/libgraphite2.so.3.0.1
7fb9b9a24000-7fb9b9a30000 r-xp 00000000 08:09 21792823                   /usr/lib/x86_64-linux-gnu/libdrm.so.2.4.0
7fb9b9a30000-7fb9b9c2f000 ---p 0000c000 08:09 21792823                   /usr/lib/x86_64-linux-gnu/libdrm.so.2.4.0
7fb9b9c2f000-7fb9b9c30000 r--p 0000b000 08:09 21792823                   /usr/lib/x86_64-linux-gnu/libdrm.so.2.4.0
7fb9b9c30000-7fb9b9c31000 rw-p 0000c000 08:09 21792823                   /usr/lib/x86_64-linux-gnu/libdrm.so.2.4.0
7fb9b9c31000-7fb9b9c32000 r-xp 00000000 08:09 21792866                   /usr/lib/x86_64-linux-gnu/libxshmfence.so.1.0.0
7fb9b9c32000-7fb9b9e31000 ---p 00001000 08:09 21792866                   /usr/lib/x86_64-linux-gnu/libxshmfence.so.1.0.0
7fb9b9e31000-7fb9b9e32000 r--p 00000000 08:09 21792866                   /usr/lib/x86_64-linux-gnu/libxshmfence.so.1.0.0
7fb9b9e32000-7fb9b9e33000 rw-p 00001000 08:09 21792866                   /usr/lib/x86_64-linux-gnu/libxshmfence.so.1.0.0
7fb9b9e33000-7fb9b9e38000 r-xp 00000000 08:09 21792864                   /usr/lib/x86_64-linux-gnu/libxcb-sync.so.1.0.0
7fb9b9e38000-7fb9ba038000 ---p 00005000 08:09 21792864                   /usr/lib/x86_64-linux-gnu/libxcb-sync.so.1.0.0
7fb9ba038000-7fb9ba039000 r--p 00005000 08:09 21792864                   /usr/lib/x86_64-linux-gnu/libxcb-sync.so.1.0.0
7fb9ba039000-7fb9ba03a000 rw-p 00006000 08:09 21792864                   /usr/lib/x86_64-linux-gnu/libxcb-sync.so.1.0.0
7fb9ba03a000-7fb9ba03c000 r-xp 00000000 08:09 21792862                   /usr/lib/x86_64-linux-gnu/libxcb-present.so.0.0.0
7fb9ba03c000-7fb9ba23b000 ---p 00002000 08:09 21792862                   /usr/lib/x86_64-linux-gnu/libxcb-present.so.0.0.0
7fb9ba23b000-7fb9ba23c000 r--p 00001000 08:09 21792862                   /usr/lib/x86_64-linux-gnu/libxcb-present.so.0.0.0
7fb9ba23c000-7fb9ba23d000 rw-p 00002000 08:09 21792862                   /usr/lib/x86_64-linux-gnu/libxcb-present.so.0.0.0
7fb9ba23d000-7fb9ba23f000 r-xp 00000000 08:09 21792858                   /usr/lib/x86_64-linux-gnu/libxcb-dri3.so.0.0.0
7fb9ba23f000-7fb9ba43e000 ---p 00002000 08:09 21792858                   /usr/lib/x86_64-linux-gnu/libxcb-dri3.so.0.0.0
7fb9ba43e000-7fb9ba43f000 r--p 00001000 08:09 21792858                   /usr/lib/x86_64-linux-gnu/libxcb-dri3.so.0.0.0
7fb9ba43f000-7fb9ba440000 rw-p 00002000 08:09 21792858                   /usr/lib/x86_64-linux-gnu/libxcb-dri3.so.0.0.0
7fb9ba440000-7fb9ba444000 r-xp 00000000 08:09 21792842                   /usr/lib/x86_64-linux-gnu/libxcb-dri2.so.0.0.0
7fb9ba444000-7fb9ba643000 ---p 00004000 08:09 21792842                   /usr/lib/x86_64-linux-gnu/libxcb-dri2.so.0.0.0
7fb9ba643000-7fb9ba644000 r--p 00003000 08:09 21792842                   /usr/lib/x86_64-linux-gnu/libxcb-dri2.so.0.0.0
7fb9ba644000-7fb9ba645000 rw-p 00004000 08:09 21792842                   /usr/lib/x86_64-linux-gnu/libxcb-dri2.so.0.0.0
7fb9ba645000-7fb9ba65c000 r-xp 00000000 08:09 21792860                   /usr/lib/x86_64-linux-gnu/libxcb-glx.so.0.0.0
7fb9ba65c000-7fb9ba85b000 ---p 00017000 08:09 21792860                   /usr/lib/x86_64-linux-gnu/libxcb-glx.so.0.0.0
7fb9ba85b000-7fb9ba85d000 r--p 00016000 08:09 21792860                   /usr/lib/x86_64-linux-gnu/libxcb-glx.so.0.0.0
7fb9ba85d000-7fb9ba85e000 rw-p 00018000 08:09 21792860                   /usr/lib/x86_64-linux-gnu/libxcb-glx.so.0.0.0
7fb9ba85e000-7fb9ba85f000 r-xp 00000000 08:09 21792840                   /usr/lib/x86_64-linux-gnu/libX11-xcb.so.1.0.0
7fb9ba85f000-7fb9baa5e000 ---p 00001000 08:09 21792840                   /usr/lib/x86_64-linux-gnu/libX11-xcb.so.1.0.0
7fb9baa5e000-7fb9baa5f000 r--p 00000000 08:09 21792840                   /usr/lib/x86_64-linux-gnu/libX11-xcb.so.1.0.0
7fb9baa5f000-7fb9baa60000 rw-p 00001000 08:09 21792840                   /usr/lib/x86_64-linux-gnu/libX11-xcb.so.1.0.0
7fb9baa60000-7fb9baa85000 r-xp 00000000 08:09 21792831                   /usr/lib/x86_64-linux-gnu/libglapi.so.0.0.0
7fb9baa85000-7fb9bac85000 ---p 00025000 08:09 21792831                   /usr/lib/x86_64-linux-gnu/libglapi.so.0.0.0
7fb9bac85000-7fb9bac88000 r--p 00025000 08:09 21792831                   /usr/lib/x86_64-linux-gnu/libglapi.so.0.0.0
7fb9bac88000-7fb9bac89000 rw-p 00028000 08:09 21792831                   /usr/lib/x86_64-linux-gnu/libglapi.so.0.0.0
7fb9bac89000-7fb9bac8a000 rw-p 00000000 00:00 0 
7fb9bac8a000-7fb9bacf6000 r-xp 00000000 08:06 538646                     /lib/x86_64-linux-gnu/libpcre.so.3.13.1
7fb9bacf6000-7fb9baef6000 ---p 0006c000 08:06 538646                     /lib/x86_64-linux-gnu/libpcre.so.3.13.1
7fb9baef6000-7fb9baef7000 r--p 0006c000 08:06 538646                     /lib/x86_64-linux-gnu/libpcre.so.3.13.1
7fb9baef7000-7fb9baef8000 rw-p 0006d000 08:06 538646                     /lib/x86_64-linux-gnu/libpcre.so.3.13.1
7fb9baef8000-7fb9baeff000 r-xp 00000000 08:09 21791232                   /usr/lib/x86_64-linux-gnu/libffi.so.6.0.2
7fb9baeff000-7fb9bb0ff000 ---p 00007000 08:09 21791232                   /usr/lib/x86_64-linux-gnu/libffi.so.6.0.2
7fb9bb0ff000-7fb9bb100000 r--p 00007000 08:09 21791232                   /usr/lib/x86_64-linux-gnu/libffi.so.6.0.2
7fb9bb100000-7fb9bb101000 rw-p 00008000 08:09 21791232                   /usr/lib/x86_64-linux-gnu/libffi.so.6.0.2
7fb9bb101000-7fb9bb127000 r-xp 00000000 08:06 538872                     /lib/x86_64-linux-gnu/libexpat.so.1.6.0
7fb9bb127000-7fb9bb326000 ---p 00026000 08:06 538872                     /lib/x86_64-linux-gnu/libexpat.so.1.6.0
7fb9bb326000-7fb9bb329000 r--p 00025000 08:06 538872                     /lib/x86_64-linux-gnu/libexpat.so.1.6.0
7fb9bb329000-7fb9bb32a000 rw-p 00028000 08:06 538872                     /lib/x86_64-linux-gnu/libexpat.so.1.6.0
7fb9bb32a000-7fb9bb332000 r-xp 00000000 08:09 21792794                   /usr/lib/x86_64-linux-gnu/libthai.so.0.2.0
7fb9bb332000-7fb9bb531000 ---p 00008000 08:09 21792794                   /usr/lib/x86_64-linux-gnu/libthai.so.0.2.0
7fb9bb531000-7fb9bb532000 r--p 00007000 08:09 21792794                   /usr/lib/x86_64-linux-gnu/libthai.so.0.2.0
7fb9bb532000-7fb9bb533000 rw-p 00008000 08:09 21792794                   /usr/lib/x86_64-linux-gnu/libthai.so.0.2.0
7fb9bb533000-7fb9bb554000 r-xp 00000000 08:09 21792719                   /usr/lib/x86_64-linux-gnu/libxcb.so.1.1.0
7fb9bb554000-7fb9bb753000 ---p 00021000 08:09 21792719                   /usr/lib/x86_64-linux-gnu/libxcb.so.1.1.0
7fb9bb753000-7fb9bb754000 r--p 00020000 08:09 21792719                   /usr/lib/x86_64-linux-gnu/libxcb.so.1.1.0
7fb9bb754000-7fb9bb755000 rw-p 00021000 08:09 21792719                   /usr/lib/x86_64-linux-gnu/libxcb.so.1.1.0
7fb9bb755000-7fb9bb75e000 r-xp 00000000 08:09 21792784                   /usr/lib/x86_64-linux-gnu/libxcb-render.so.0.0.0
7fb9bb75e000-7fb9bb95d000 ---p 00009000 08:09 21792784                   /usr/lib/x86_64-linux-gnu/libxcb-render.so.0.0.0
7fb9bb95d000-7fb9bb95e000 r--p 00008000 08:09 21792784                   /usr/lib/x86_64-linux-gnu/libxcb-render.so.0.0.0
7fb9bb95e000-7fb9bb95f000 rw-p 00009000 08:09 21792784                   /usr/lib/x86_64-linux-gnu/libxcb-render.so.0.0.0
7fb9bb95f000-7fb9bb961000 r-xp 00000000 08:09 21792786                   /usr/lib/x86_64-linux-gnu/libxcb-shm.so.0.0.0
7fb9bb961000-7fb9bbb61000 ---p 00002000 08:09 21792786                   /usr/lib/x86_64-linux-gnu/libxcb-shm.so.0.0.0
7fb9bbb61000-7fb9bbb62000 r--p 00002000 08:09 21792786                   /usr/lib/x86_64-linux-gnu/libxcb-shm.so.0.0.0
7fb9bbb62000-7fb9bbb63000 rw-p 00003000 08:09 21792786                   /usr/lib/x86_64-linux-gnu/libxcb-shm.so.0.0.0
7fb9bbb63000-7fb9bbc08000 r-xp 00000000 08:09 21792782                   /usr/lib/x86_64-linux-gnu/libpixman-1.so.0.32.6
7fb9bbc08000-7fb9bbe07000 ---p 000a5000 08:09 21792782                   /usr/lib/x86_64-linux-gnu/libpixman-1.so.0.32.6
7fb9bbe07000-7fb9bbe0f000 r--p 000a4000 08:09 21792782                   /usr/lib/x86_64-linux-gnu/libpixman-1.so.0.32.6
7fb9bbe0f000-7fb9bbe10000 rw-p 000ac000 08:09 21792782                   /usr/lib/x86_64-linux-gnu/libpixman-1.so.0.32.6
7fb9bbe10000-7fb9bbe36000 r-xp 00000000 08:06 540724                     /lib/x86_64-linux-gnu/libpng12.so.0.50.0
7fb9bbe36000-7fb9bc035000 ---p 00026000 08:06 540724                     /lib/x86_64-linux-gnu/libpng12.so.0.50.0
7fb9bc035000-7fb9bc036000 r--p 00025000 08:06 540724                     /lib/x86_64-linux-gnu/libpng12.so.0.50.0
7fb9bc036000-7fb9bc037000 rw-p 00026000 08:06 540724                     /lib/x86_64-linux-gnu/libpng12.so.0.50.0
7fb9bc037000-7fb9bc08c000 r-xp 00000000 08:09 21792801                   /usr/lib/x86_64-linux-gnu/libharfbuzz.so.0.935.0
7fb9bc08c000-7fb9bc28b000 ---p 00055000 08:09 21792801                   /usr/lib/x86_64-linux-gnu/libharfbuzz.so.0.935.0
7fb9bc28b000-7fb9bc28d000 r--p 00054000 08:09 21792801                   /usr/lib/x86_64-linux-gnu/libharfbuzz.so.0.935.0
7fb9bc28d000-7fb9bc28e000 rw-p 00056000 08:09 21792801                   /usr/lib/x86_64-linux-gnu/libharfbuzz.so.0.935.0
7fb9bc28e000-7fb9bc2a2000 r-xp 00000000 08:06 538599                     /lib/x86_64-linux-gnu/libresolv-2.19.so
7fb9bc2a2000-7fb9bc4a1000 ---p 00014000 08:06 538599                     /lib/x86_64-linux-gnu/libresolv-2.19.so
7fb9bc4a1000-7fb9bc4a2000 r--p 00013000 08:06 538599                     /lib/x86_64-linux-gnu/libresolv-2.19.so
7fb9bc4a2000-7fb9bc4a3000 rw-p 00014000 08:06 538599                     /lib/x86_64-linux-gnu/libresolv-2.19.so
7fb9bc4a3000-7fb9bc4a5000 rw-p 00000000 00:00 0 
7fb9bc4a5000-7fb9bc4c6000 r-xp 00000000 08:06 538663                     /lib/x86_64-linux-gnu/libselinux.so.1
7fb9bc4c6000-7fb9bc6c6000 ---p 00021000 08:06 538663                     /lib/x86_64-linux-gnu/libselinux.so.1
7fb9bc6c6000-7fb9bc6c7000 r--p 00021000 08:06 538663                     /lib/x86_64-linux-gnu/libselinux.so.1
7fb9bc6c7000-7fb9bc6c8000 rw-p 00022000 08:06 538663                     /lib/x86_64-linux-gnu/libselinux.so.1
7fb9bc6c8000-7fb9bc6ca000 rw-p 00000000 00:00 0 
7fb9bc6ca000-7fb9bc6e4000 r-xp 00000000 08:06 538869                     /lib/x86_64-linux-gnu/libz.so.1.2.8
7fb9bc6e4000-7fb9bc8e3000 ---p 0001a000 08:06 538869                     /lib/x86_64-linux-gnu/libz.so.1.2.8
7fb9bc8e3000-7fb9bc8e4000 r--p 00019000 08:06 538869                     /lib/x86_64-linux-gnu/libz.so.1.2.8
7fb9bc8e4000-7fb9bc8e5000 rw-p 0001a000 08:06 538869                     /lib/x86_64-linux-gnu/libz.so.1.2.8
7fb9bc8e5000-7fb9bc8f6000 r-xp 00000000 08:09 21792723                   /usr/lib/x86_64-linux-gnu/libXext.so.6.4.0
7fb9bc8f6000-7fb9bcaf5000 ---p 00011000 08:09 21792723                   /usr/lib/x86_64-linux-gnu/libXext.so.6.4.0
7fb9bcaf5000-7fb9bcaf6000 r--p 00010000 08:09 21792723                   /usr/lib/x86_64-linux-gnu/libXext.so.6.4.0
7fb9bcaf6000-7fb9bcaf7000 rw-p 00011000 08:09 21792723                   /usr/lib/x86_64-linux-gnu/libXext.so.6.4.0
7fb9bcaf7000-7fb9bcb01000 r-xp 00000000 08:09 21792885                   /usr/lib/x86_64-linux-gnu/libXcursor.so.1.0.2
7fb9bcb01000-7fb9bcd00000 ---p 0000a000 08:09 21792885                   /usr/lib/x86_64-linux-gnu/libXcursor.so.1.0.2
7fb9bcd00000-7fb9bcd01000 r--p 00009000 08:09 21792885                   /usr/lib/x86_64-linux-gnu/libXcursor.so.1.0.2
7fb9bcd01000-7fb9bcd02000 rw-p 0000a000 08:09 21792885                   /usr/lib/x86_64-linux-gnu/libXcursor.so.1.0.2
7fb9bcd02000-7fb9bcd0b000 r-xp 00000000 08:09 21792729                   /usr/lib/x86_64-linux-gnu/libXrandr.so.2.2.0
7fb9bcd0b000-7fb9bcf0a000 ---p 00009000 08:09 21792729                   /usr/lib/x86_64-linux-gnu/libXrandr.so.2.2.0
7fb9bcf0a000-7fb9bcf0b000 r--p 00008000 08:09 21792729                   /usr/lib/x86_64-linux-gnu/libXrandr.so.2.2.0
7fb9bcf0b000-7fb9bcf0c000 rw-p 00009000 08:09 21792729                   /usr/lib/x86_64-linux-gnu/libXrandr.so.2.2.0
7fb9bcf0c000-7fb9bcf1b000 r-xp 00000000 08:09 21792887                   /usr/lib/x86_64-linux-gnu/libXi.so.6.1.0
7fb9bcf1b000-7fb9bd11b000 ---p 0000f000 08:09 21792887                   /usr/lib/x86_64-linux-gnu/libXi.so.6.1.0
7fb9bd11b000-7fb9bd11c000 r--p 0000f000 08:09 21792887                   /usr/lib/x86_64-linux-gnu/libXi.so.6.1.0
7fb9bd11c000-7fb9bd11d000 rw-p 00010000 08:09 21792887                   /usr/lib/x86_64-linux-gnu/libXi.so.6.1.0
7fb9bd11d000-7fb9bd11f000 r-xp 00000000 08:09 21792725                   /usr/lib/x86_64-linux-gnu/libXinerama.so.1.0.0
7fb9bd11f000-7fb9bd31e000 ---p 00002000 08:09 21792725                   /usr/lib/x86_64-linux-gnu/libXinerama.so.1.0.0
7fb9bd31e000-7fb9bd31f000 r--p 00001000 08:09 21792725                   /usr/lib/x86_64-linux-gnu/libXinerama.so.1.0.0
7fb9bd31f000-7fb9bd320000 rw-p 00002000 08:09 21792725                   /usr/lib/x86_64-linux-gnu/libXinerama.so.1.0.0
7fb9bd320000-7fb9bd329000 r-xp 00000000 08:09 21792727                   /usr/lib/x86_64-linux-gnu/libXrender.so.1.3.0
7fb9bd329000-7fb9bd528000 ---p 00009000 08:09 21792727                   /usr/lib/x86_64-linux-gnu/libXrender.so.1.3.0
7fb9bd528000-7fb9bd529000 r--p 00008000 08:09 21792727                   /usr/lib/x86_64-linux-gnu/libXrender.so.1.3.0
7fb9bd529000-7fb9bd52a000 rw-p 00009000 08:09 21792727                   /usr/lib/x86_64-linux-gnu/libXrender.so.1.3.0
7fb9bd52a000-7fb9bd52f000 r-xp 00000000 08:09 21792854                   /usr/lib/x86_64-linux-gnu/libXfixes.so.3.1.0
7fb9bd52f000-7fb9bd72e000 ---p 00005000 08:09 21792854                   /usr/lib/x86_64-linux-gnu/libXfixes.so.3.1.0
7fb9bd72e000-7fb9bd72f000 r--p 00004000 08:09 21792854                   /usr/lib/x86_64-linux-gnu/libXfixes.so.3.1.0
7fb9bd72f000-7fb9bd730000 rw-p 00005000 08:09 21792854                   /usr/lib/x86_64-linux-gnu/libXfixes.so.3.1.0
7fb9bd730000-7fb9bd732000 r-xp 00000000 08:09 21792856                   /usr/lib/x86_64-linux-gnu/libXdamage.so.1.1.0
7fb9bd732000-7fb9bd931000 ---p 00002000 08:09 21792856                   /usr/lib/x86_64-linux-gnu/libXdamage.so.1.1.0
7fb9bd931000-7fb9bd932000 r--p 00001000 08:09 21792856                   /usr/lib/x86_64-linux-gnu/libXdamage.so.1.1.0
7fb9bd932000-7fb9bd933000 rw-p 00002000 08:09 21792856                   /usr/lib/x86_64-linux-gnu/libXdamage.so.1.1.0
7fb9bd933000-7fb9bd935000 r-xp 00000000 08:09 21792852                   /usr/lib/x86_64-linux-gnu/libXcomposite.so.1.0.0
7fb9bd935000-7fb9bdb34000 ---p 00002000 08:09 21792852                   /usr/lib/x86_64-linux-gnu/libXcomposite.so.1.0.0
7fb9bdb34000-7fb9bdb35000 r--p 00001000 08:09 21792852                   /usr/lib/x86_64-linux-gnu/libXcomposite.so.1.0.0
7fb9bdb35000-7fb9bdb36000 rw-p 00002000 08:09 21792852                   /usr/lib/x86_64-linux-gnu/libXcomposite.so.1.0.0
7fb9bdb36000-7fb9bdb4c000 r-xp 00000000 08:06 538576                     /lib/x86_64-linux-gnu/libgcc_s.so.1
7fb9bdb4c000-7fb9bdd4b000 ---p 00016000 08:06 538576                     /lib/x86_64-linux-gnu/libgcc_s.so.1
7fb9bdd4b000-7fb9bdd4c000 rw-p 00015000 08:06 538576                     /lib/x86_64-linux-gnu/libgcc_s.so.1
7fb9bdd4c000-7fb9bde38000 r-xp 00000000 08:09 21791257                   /usr/lib/x86_64-linux-gnu/libstdc++.so.6.0.20
7fb9bde38000-7fb9be038000 ---p 000ec000 08:09 21791257                   /usr/lib/x86_64-linux-gnu/libstdc++.so.6.0.20
7fb9be038000-7fb9be040000 r--p 000ec000 08:09 21791257                   /usr/lib/x86_64-linux-gnu/libstdc++.so.6.0.20
7fb9be040000-7fb9be042000 rw-p 000f4000 08:09 21791257                   /usr/lib/x86_64-linux-gnu/libstdc++.so.6.0.20
7fb9be042000-7fb9be057000 rw-p 00000000 00:00 0 
7fb9be057000-7fb9be0ed000 r-xp 00000000 08:09 21796455                   /usr/lib/x86_64-linux-gnu/libGL.so.1.2.0
7fb9be0ed000-7fb9be2ec000 ---p 00096000 08:09 21796455                   /usr/lib/x86_64-linux-gnu/libGL.so.1.2.0
7fb9be2ec000-7fb9be2ef000 r--p 00095000 08:09 21796455                   /usr/lib/x86_64-linux-gnu/libGL.so.1.2.0
7fb9be2ef000-7fb9be2f0000 rw-p 00098000 08:09 21796455                   /usr/lib/x86_64-linux-gnu/libGL.so.1.2.0
7fb9be2f0000-7fb9be2f1000 rw-p 00000000 00:00 0 
7fb9be2f1000-7fb9be2f6000 r-xp 00000000 08:09 21792734                   /usr/lib/x86_64-linux-gnu/libXxf86vm.so.1.0.0
7fb9be2f6000-7fb9be4f5000 ---p 00005000 08:09 21792734                   /usr/lib/x86_64-linux-gnu/libXxf86vm.so.1.0.0
7fb9be4f5000-7fb9be4f6000 r--p 00004000 08:09 21792734                   /usr/lib/x86_64-linux-gnu/libXxf86vm.so.1.0.0
7fb9be4f6000-7fb9be4f7000 rw-p 00005000 08:09 21792734                   /usr/lib/x86_64-linux-gnu/libXxf86vm.so.1.0.0
7fb9be4f7000-7fb9be633000 r-xp 00000000 08:09 21792721                   /usr/lib/x86_64-linux-gnu/libX11.so.6.3.0
7fb9be633000-7fb9be832000 ---p 0013c000 08:09 21792721                   /usr/lib/x86_64-linux-gnu/libX11.so.6.3.0
7fb9be832000-7fb9be834000 r--p 0013b000 08:09 21792721                   /usr/lib/x86_64-linux-gnu/libX11.so.6.3.0
7fb9be834000-7fb9be839000 rw-p 0013d000 08:09 21792721                   /usr/lib/x86_64-linux-gnu/libX11.so.6.3.0
7fb9be839000-7fb9be83a000 rw-p 00000000 00:00 0 
7fb9be83a000-7fb9be83f000 r-xp 00000000 08:09 21792983                   /usr/lib/x86_64-linux-gnu/libXtst.so.6.1.0
7fb9be83f000-7fb9bea3e000 ---p 00005000 08:09 21792983                   /usr/lib/x86_64-linux-gnu/libXtst.so.6.1.0
7fb9bea3e000-7fb9bea3f000 r--p 00004000 08:09 21792983                   /usr/lib/x86_64-linux-gnu/libXtst.so.6.1.0
7fb9bea3f000-7fb9bea40000 rw-p 00005000 08:09 21792983                   /usr/lib/x86_64-linux-gnu/libXtst.so.6.1.0
7fb9bea40000-7fb9beb4c000 r-xp 00000000 08:06 540722                     /lib/x86_64-linux-gnu/libglib-2.0.so.0.4200.1
7fb9beb4c000-7fb9bed4c000 ---p 0010c000 08:06 540722                     /lib/x86_64-linux-gnu/libglib-2.0.so.0.4200.1
7fb9bed4c000-7fb9bed4d000 r--p 0010c000 08:06 540722                     /lib/x86_64-linux-gnu/libglib-2.0.so.0.4200.1
7fb9bed4d000-7fb9bed4e000 rw-p 0010d000 08:06 540722                     /lib/x86_64-linux-gnu/libglib-2.0.so.0.4200.1
7fb9bed4e000-7fb9bed4f000 rw-p 00000000 00:00 0 
7fb9bed4f000-7fb9bed50000 r-xp 00000000 08:09 21792738                   /usr/lib/x86_64-linux-gnu/libgthread-2.0.so.0.4200.1
7fb9bed50000-7fb9bef4f000 ---p 00001000 08:09 21792738                   /usr/lib/x86_64-linux-gnu/libgthread-2.0.so.0.4200.1
7fb9bef4f000-7fb9bef50000 r--p 00000000 08:09 21792738                   /usr/lib/x86_64-linux-gnu/libgthread-2.0.so.0.4200.1
7fb9bef50000-7fb9bef51000 rw-p 00001000 08:09 21792738                   /usr/lib/x86_64-linux-gnu/libgthread-2.0.so.0.4200.1
7fb9bef51000-7fb9bef54000 r-xp 00000000 08:09 21792737                   /usr/lib/x86_64-linux-gnu/libgmodule-2.0.so.0.4200.1
7fb9bef54000-7fb9bf153000 ---p 00003000 08:09 21792737                   /usr/lib/x86_64-linux-gnu/libgmodule-2.0.so.0.4200.1
7fb9bf153000-7fb9bf154000 r--p 00002000 08:09 21792737                   /usr/lib/x86_64-linux-gnu/libgmodule-2.0.so.0.4200.1
7fb9bf154000-7fb9bf155000 rw-p 00003000 08:09 21792737                   /usr/lib/x86_64-linux-gnu/libgmodule-2.0.so.0.4200.1
7fb9bf155000-7fb9bf1a6000 r-xp 00000000 08:09 21792736                   /usr/lib/x86_64-linux-gnu/libgobject-2.0.so.0.4200.1
7fb9bf1a6000-7fb9bf3a6000 ---p 00051000 08:09 21792736                   /usr/lib/x86_64-linux-gnu/libgobject-2.0.so.0.4200.1
7fb9bf3a6000-7fb9bf3a7000 r--p 00051000 08:09 21792736                   /usr/lib/x86_64-linux-gnu/libgobject-2.0.so.0.4200.1
7fb9bf3a7000-7fb9bf3a8000 rw-p 00052000 08:09 21792736                   /usr/lib/x86_64-linux-gnu/libgobject-2.0.so.0.4200.1
7fb9bf3a8000-7fb9bf3e3000 r-xp 00000000 08:09 21792780                   /usr/lib/x86_64-linux-gnu/libfontconfig.so.1.8.0
7fb9bf3e3000-7fb9bf5e2000 ---p 0003b000 08:09 21792780                   /usr/lib/x86_64-linux-gnu/libfontconfig.so.1.8.0
7fb9bf5e2000-7fb9bf5e4000 r--p 0003a000 08:09 21792780                   /usr/lib/x86_64-linux-gnu/libfontconfig.so.1.8.0
7fb9bf5e4000-7fb9bf5e5000 rw-p 0003c000 08:09 21792780                   /usr/lib/x86_64-linux-gnu/libfontconfig.so.1.8.0
7fb9bf5e5000-7fb9bf689000 r-xp 00000000 08:09 21792778                   /usr/lib/x86_64-linux-gnu/libfreetype.so.6.11.1
7fb9bf689000-7fb9bf888000 ---p 000a4000 08:09 21792778                   /usr/lib/x86_64-linux-gnu/libfreetype.so.6.11.1
7fb9bf888000-7fb9bf88e000 r--p 000a3000 08:09 21792778                   /usr/lib/x86_64-linux-gnu/libfreetype.so.6.11.1
7fb9bf88e000-7fb9bf88f000 rw-p 000a9000 08:09 21792778                   /usr/lib/x86_64-linux-gnu/libfreetype.so.6.11.1
7fb9bf88f000-7fb9bf8da000 r-xp 00000000 08:09 21792796                   /usr/lib/x86_64-linux-gnu/libpango-1.0.so.0.3600.8
7fb9bf8da000-7fb9bfada000 ---p 0004b000 08:09 21792796                   /usr/lib/x86_64-linux-gnu/libpango-1.0.so.0.3600.8
7fb9bfada000-7fb9bfadc000 r--p 0004b000 08:09 21792796                   /usr/lib/x86_64-linux-gnu/libpango-1.0.so.0.3600.8
7fb9bfadc000-7fb9bfadd000 rw-p 0004d000 08:09 21792796                   /usr/lib/x86_64-linux-gnu/libpango-1.0.so.0.3600.8
7fb9bfadd000-7fb9bfbed000 r-xp 00000000 08:09 21792788                   /usr/lib/x86_64-linux-gnu/libcairo.so.2.11400.0
7fb9bfbed000-7fb9bfded000 ---p 00110000 08:09 21792788                   /usr/lib/x86_64-linux-gnu/libcairo.so.2.11400.0
7fb9bfded000-7fb9bfdf0000 r--p 00110000 08:09 21792788                   /usr/lib/x86_64-linux-gnu/libcairo.so.2.11400.0
7fb9bfdf0000-7fb9bfdf1000 rw-p 00113000 08:09 21792788                   /usr/lib/x86_64-linux-gnu/libcairo.so.2.11400.0
7fb9bfdf1000-7fb9bfdf3000 rw-p 00000000 00:00 0 
7fb9bfdf3000-7fb9bfdff000 r-xp 00000000 08:09 21792805                   /usr/lib/x86_64-linux-gnu/libpangocairo-1.0.so.0.3600.8
7fb9bfdff000-7fb9bfffe000 ---p 0000c000 08:09 21792805                   /usr/lib/x86_64-linux-gnu/libpangocairo-1.0.so.0.3600.8
7fb9bfffe000-7fb9bffff000 r--p 0000b000 08:09 21792805                   /usr/lib/x86_64-linux-gnu/libpangocairo-1.0.so.0.3600.8
7fb9bffff000-7fb9c0000000 rw-p 0000c000 08:09 21792805                   /usr/lib/x86_64-linux-gnu/libpangocairo-1.0.so.0.3600.8
7fb9c0000000-7fb9c0021000 rw-p 00000000 00:00 0 
7fb9c0021000-7fb9c4000000 ---p 00000000 00:00 0 
7fb9c4000000-7fb9c4239000 rw-p 00000000 00:00 0 
7fb9c4239000-7fb9c8000000 ---p 00000000 00:00 0 
7fb9c8000000-7fb9c8483000 rw-p 00000000 00:00 0 
7fb9c8483000-7fb9cc000000 ---p 00000000 00:00 0 
7fb9cc000000-7fb9cc021000 rw-p 00000000 00:00 0 
7fb9cc021000-7fb9d0000000 ---p 00000000 00:00 0 
7fb9d0000000-7fb9d024c000 rw-p 00000000 00:00 0 
7fb9d024c000-7fb9d4000000 ---p 00000000 00:00 0 
7fb9d4000000-7fb9d43b7000 rw-p 00000000 00:00 0 
7fb9d43b7000-7fb9d8000000 ---p 00000000 00:00 0 
7fb9d8000000-7fb9d8021000 rw-p 00000000 00:00 0 
7fb9d8021000-7fb9dc000000 ---p 00000000 00:00 0 
7fb9dc000000-7fb9dc5f8000 rw-p 00000000 00:00 0 
7fb9dc5f8000-7fb9e0000000 ---p 00000000 00:00 0 
7fb9e0000000-7fb9e0021000 rw-p 00000000 00:00 0 
7fb9e0021000-7fb9e4000000 ---p 00000000 00:00 0 
7fb9e4000000-7fb9e4021000 rw-p 00000000 00:00 0 
7fb9e4021000-7fb9e8000000 ---p 00000000 00:00 0 
7fb9e8000000-7fb9e8021000 rw-p 00000000 00:00 0 
7fb9e8021000-7fb9ec000000 ---p 00000000 00:00 0 
7fb9ec006000-7fb9ec009000 rw-p 00000000 00:00 0 
7fb9ec009000-7fb9ec00f000 r--p 00000000 08:09 41292852                   /usr/share/locale/fr/LC_MESSAGES/gdk-pixbuf.mo
7fb9ec00f000-7fb9ec022000 r--p 00000000 08:09 21889676                   /usr/lib/jvm/jdk1.8.0_45/jre/lib/fonts/LucidaBrightDemiItalic.ttf
7fb9ec022000-7fb9ec035000 r--p 00000000 08:09 21889681                   /usr/lib/jvm/jdk1.8.0_45/jre/lib/fonts/LucidaBrightDemiBold.ttf
7fb9ec035000-7fb9ec071000 r--p 00000000 08:09 21889675                   /usr/lib/jvm/jdk1.8.0_45/jre/lib/fonts/LucidaTypewriterRegular.ttf
7fb9ec071000-7fb9ec076000 r--s 00083000 08:09 21889938                   /usr/lib/jvm/jdk1.8.0_45/jre/lib/jfr.jar
7fb9ec076000-7fb9ec084000 r--s 00000000 08:07 644658                     /var/cache/fontconfig/6aa41aa22e18b8fa06a12da28ea9c28b-le64.cache-4
7fb9ec084000-7fb9ec08f000 r--s 00000000 08:07 644695                     /var/cache/fontconfig/945677eb7aeaf62f1d50efc3fb3ec7d8-le64.cache-4
7fb9ec08f000-7fb9ec096000 r--s 00000000 08:07 644711                     /var/cache/fontconfig/3047814df9a2f067bd2d96a2b9c36e5a-le64.cache-4
7fb9ec096000-7fb9ec0a9000 r--s 00000000 08:07 644716                     /var/cache/fontconfig/d52a8644073d54c13679302ca1180695-le64.cache-4
7fb9ec0a9000-7fb9ec0b3000 r--s 00000000 08:07 644708                     /var/cache/fontconfig/3f7329c5293ffd510edef78f73874cfd-le64.cache-4
7fb9ec0b3000-7fb9ec0be000 r--s 00000000 08:07 644694                     /var/cache/fontconfig/d589a48862398ed80a3d6066f4f56f4c-le64.cache-4
7fb9ec0be000-7fb9ec0df000 r-xp 00000000 08:09 21792775                   /usr/lib/x86_64-linux-gnu/libgdk_pixbuf-2.0.so.0.3100.1
7fb9ec0df000-7fb9ec2de000 ---p 00021000 08:09 21792775                   /usr/lib/x86_64-linux-gnu/libgdk_pixbuf-2.0.so.0.3100.1
7fb9ec2de000-7fb9ec2df000 r--p 00020000 08:09 21792775                   /usr/lib/x86_64-linux-gnu/libgdk_pixbuf-2.0.so.0.3100.1
7fb9ec2df000-7fb9ec2e0000 rw-p 00021000 08:09 21792775                   /usr/lib/x86_64-linux-gnu/libgdk_pixbuf-2.0.so.0.3100.1
7fb9ec2e0000-7fb9f4000000 rw-p 00000000 00:00 0 
7fb9f4000000-7fb9f4021000 rw-p 00000000 00:00 0 
7fb9f4021000-7fb9f8000000 ---p 00000000 00:00 0 
7fb9f8000000-7fb9f8021000 rw-p 00000000 00:00 0 
7fb9f8021000-7fb9fc000000 ---p 00000000 00:00 0 
7fb9fc000000-7fb9fc021000 rw-p 00000000 00:00 0 
7fb9fc021000-7fba00000000 ---p 00000000 00:00 0 
7fba00000000-7fba00021000 rw-p 00000000 00:00 0 
7fba00021000-7fba04000000 ---p 00000000 00:00 0 
7fba04000000-7fba04021000 rw-p 00000000 00:00 0 
7fba04021000-7fba08000000 ---p 00000000 00:00 0 
7fba08000000-7fba08004000 r--s 00000000 08:07 644707                     /var/cache/fontconfig/c57959a16110560c8d0fcea73374aeeb-le64.cache-4
7fba08004000-7fba08007000 r--s 00000000 08:07 644710                     /var/cache/fontconfig/e49e89034d371f0f9de17aab02136486-le64.cache-4
7fba08007000-7fba0800a000 ---p 00000000 00:00 0 
7fba0800a000-7fba08108000 rw-p 00000000 00:00 0                          [stack:12726]
7fba08108000-7fba08132000 r--p 00000000 08:09 41294961                   /usr/share/locale/fr/LC_MESSAGES/gtk20-properties.mo
7fba08132000-7fba08167000 r--s 00000000 08:07 644720                     /var/cache/nscd/hosts
7fba08167000-7fba0817b000 r-xp 00000000 08:09 21792803                   /usr/lib/x86_64-linux-gnu/libpangoft2-1.0.so.0.3600.8
7fba0817b000-7fba0837b000 ---p 00014000 08:09 21792803                   /usr/lib/x86_64-linux-gnu/libpangoft2-1.0.so.0.3600.8
7fba0837b000-7fba0837c000 r--p 00014000 08:09 21792803                   /usr/lib/x86_64-linux-gnu/libpangoft2-1.0.so.0.3600.8
7fba0837c000-7fba0837d000 rw-p 00015000 08:09 21792803                   /usr/lib/x86_64-linux-gnu/libpangoft2-1.0.so.0.3600.8
7fba0837d000-7fba084ef000 r-xp 00000000 08:09 21792739                   /usr/lib/x86_64-linux-gnu/libgio-2.0.so.0.4200.1
7fba084ef000-7fba086ef000 ---p 00172000 08:09 21792739                   /usr/lib/x86_64-linux-gnu/libgio-2.0.so.0.4200.1
7fba086ef000-7fba086f3000 r--p 00172000 08:09 21792739                   /usr/lib/x86_64-linux-gnu/libgio-2.0.so.0.4200.1
7fba086f3000-7fba086f5000 rw-p 00176000 08:09 21792739                   /usr/lib/x86_64-linux-gnu/libgio-2.0.so.0.4200.1
7fba086f5000-7fba086f7000 rw-p 00000000 00:00 0 
7fba086f7000-7fba0871a000 r-xp 00000000 08:09 21792810                   /usr/lib/x86_64-linux-gnu/libatk-1.0.so.0.21409.1
7fba0871a000-7fba08919000 ---p 00023000 08:09 21792810                   /usr/lib/x86_64-linux-gnu/libatk-1.0.so.0.21409.1
7fba08919000-7fba0891d000 r--p 00022000 08:09 21792810                   /usr/lib/x86_64-linux-gnu/libatk-1.0.so.0.21409.1
7fba0891d000-7fba0891e000 rw-p 00026000 08:09 21792810                   /usr/lib/x86_64-linux-gnu/libatk-1.0.so.0.21409.1
7fba0891e000-7fba089ce000 r-xp 00000000 08:09 21793089                   /usr/lib/x86_64-linux-gnu/libgdk-x11-2.0.so.0.2400.25
7fba089ce000-7fba08bce000 ---p 000b0000 08:09 21793089                   /usr/lib/x86_64-linux-gnu/libgdk-x11-2.0.so.0.2400.25
7fba08bce000-7fba08bd2000 r--p 000b0000 08:09 21793089                   /usr/lib/x86_64-linux-gnu/libgdk-x11-2.0.so.0.2400.25
7fba08bd2000-7fba08bd4000 rw-p 000b4000 08:09 21793089                   /usr/lib/x86_64-linux-gnu/libgdk-x11-2.0.so.0.2400.25
7fba08bd4000-7fba09012000 r-xp 00000000 08:09 21793088                   /usr/lib/x86_64-linux-gnu/libgtk-x11-2.0.so.0.2400.25
7fba09012000-7fba09212000 ---p 0043e000 08:09 21793088                   /usr/lib/x86_64-linux-gnu/libgtk-x11-2.0.so.0.2400.25
7fba09212000-7fba09219000 r--p 0043e000 08:09 21793088                   /usr/lib/x86_64-linux-gnu/libgtk-x11-2.0.so.0.2400.25
7fba09219000-7fba0921d000 rw-p 00445000 08:09 21793088                   /usr/lib/x86_64-linux-gnu/libgtk-x11-2.0.so.0.2400.25
7fba0921d000-7fba09220000 rw-p 00000000 00:00 0 
7fba09220000-7fba09221000 r--s 00000000 08:07 644734                     /var/cache/fontconfig/087e1975ba9a574b140bb1df193bf770-le64.cache-4
7fba09221000-7fba09222000 r--s 00000000 08:07 644712                     /var/cache/fontconfig/4794a0821666d79190d59a36cb4f44b5-le64.cache-4
7fba09222000-7fba09224000 r--s 00000000 08:07 644709                     /var/cache/fontconfig/4b14b093aebc79c320de5e86ae1d3314-le64.cache-4
7fba09224000-7fba09225000 r--s 00000000 08:07 644733                     /var/cache/fontconfig/8a687c406b77f27d99abfeeba937fcce-le64.cache-4
7fba09225000-7fba0924b000 r--p 00000000 08:09 41291837                   /usr/share/locale/fr/LC_MESSAGES/libc.mo
7fba0924b000-7fba09257000 r-xp 00000000 08:09 21889899                   /usr/lib/jvm/jdk1.8.0_45/jre/lib/amd64/libprism_es2.so
7fba09257000-7fba09456000 ---p 0000c000 08:09 21889899                   /usr/lib/jvm/jdk1.8.0_45/jre/lib/amd64/libprism_es2.so
7fba09456000-7fba09457000 r--p 0000b000 08:09 21889899                   /usr/lib/jvm/jdk1.8.0_45/jre/lib/amd64/libprism_es2.so
7fba09457000-7fba09458000 rw-p 0000c000 08:09 21889899                   /usr/lib/jvm/jdk1.8.0_45/jre/lib/amd64/libprism_es2.so
7fba09458000-7fba0945b000 ---p 00000000 00:00 0 
7fba0945b000-7fba09559000 rw-p 00000000 00:00 0                          [stack:12717]
7fba09559000-7fba095ee000 r--s 010fa000 08:09 21889960                   /usr/lib/jvm/jdk1.8.0_45/jre/lib/ext/jfxrt.jar
7fba095ee000-7fba095ef000 ---p 00000000 00:00 0 
7fba095ef000-7fba096ef000 rw-p 00000000 00:00 0                          [stack:12716]
7fba096ef000-7fba096f2000 ---p 00000000 00:00 0 
7fba096f2000-7fba097f0000 rw-p 00000000 00:00 0                          [stack:12715]
7fba097f0000-7fba097f3000 ---p 00000000 00:00 0 
7fba097f3000-7fba098f1000 rw-p 00000000 00:00 0                          [stack:12714]
7fba098f1000-7fba098f4000 ---p 00000000 00:00 0 
7fba098f4000-7fba099f2000 rw-p 00000000 00:00 0                          [stack:12713]
7fba099f2000-7fba099f5000 ---p 00000000 00:00 0 
7fba099f5000-7fba09af3000 rw-p 00000000 00:00 0                          [stack:12712]
7fba09af3000-7fba09af6000 ---p 00000000 00:00 0 
7fba09af6000-7fba09bf4000 rw-p 00000000 00:00 0                          [stack:12711]
7fba09bf4000-7fba09bf7000 ---p 00000000 00:00 0 
7fba09bf7000-7fba09cf5000 rw-p 00000000 00:00 0                          [stack:12710]
7fba09cf5000-7fba09e7e000 r--p 00000000 08:09 21791343                   /usr/lib/locale/locale-archive
7fba09e7e000-7fba09e81000 ---p 00000000 00:00 0 
7fba09e81000-7fba09f7f000 rw-p 00000000 00:00 0                          [stack:12709]
7fba09f7f000-7fba09f82000 ---p 00000000 00:00 0 
7fba09f82000-7fba0a080000 rw-p 00000000 00:00 0                          [stack:12708]
7fba0a080000-7fba0a081000 ---p 00000000 00:00 0 
7fba0a081000-7fba0bdb1000 rw-p 00000000 00:00 0                          [stack:12707]
7fba0bdb1000-7fba0bf8a000 r--s 03d09000 08:09 21889853                   /usr/lib/jvm/jdk1.8.0_45/jre/lib/rt.jar
7fba0bf8a000-7fba0c000000 rw-p 00000000 00:00 0 
7fba0c000000-7fba0c021000 rw-p 00000000 00:00 0 
7fba0c021000-7fba10000000 ---p 00000000 00:00 0 
7fba10000000-7fba10021000 rw-p 00000000 00:00 0 
7fba10021000-7fba14000000 ---p 00000000 00:00 0 
7fba14000000-7fba14021000 rw-p 00000000 00:00 0 
7fba14021000-7fba18000000 ---p 00000000 00:00 0 
7fba18000000-7fba18009000 r--s 00000000 08:07 644731                     /var/cache/fontconfig/d0972c3d32f097851eb916381fc38920-le64.cache-4
7fba18009000-7fba1800a000 r--s 00000000 08:07 644730                     /var/cache/fontconfig/c277e94e32b20404286a1ddafa5a80f0-le64.cache-4
7fba1800a000-7fba1800d000 r--s 00000000 08:07 644697                     /var/cache/fontconfig/e13b20fdb08344e0e664864cc2ede53d-le64.cache-4
7fba1800d000-7fba1802e000 rw-p 00000000 00:00 0 
7fba1802e000-7fba19000000 rw-p 00000000 00:00 0 
7fba19000000-7fba19780000 rwxp 00000000 00:00 0 
7fba19780000-7fba28000000 ---p 00000000 00:00 0 
7fba28000000-7fba28428000 rw-p 00000000 00:00 0 
7fba28428000-7fba2c000000 ---p 00000000 00:00 0 
7fba2c000000-7fba2c001000 r--s 00000000 08:07 644693                     /var/cache/fontconfig/62f91419b9ebdb6975e7e41ab6412357-le64.cache-4
7fba2c001000-7fba2c010000 r--p 00000000 08:09 41294960                   /usr/share/locale/fr/LC_MESSAGES/gtk20.mo
7fba2c010000-7fba2c017000 r--s 00000000 08:09 21791109                   /usr/lib/x86_64-linux-gnu/gconv/gconv-modules.cache
7fba2c017000-7fba2c09a000 rw-p 00000000 00:00 0 
7fba2c09a000-7fba2c0e9000 rw-p 00000000 00:00 0 
7fba2c0e9000-7fba2c0ea000 ---p 00000000 00:00 0 
7fba2c0ea000-7fba2c1ea000 rw-p 00000000 00:00 0                          [stack:12706]
7fba2c1ea000-7fba2c1eb000 ---p 00000000 00:00 0 
7fba2c1eb000-7fba2c2eb000 rw-p 00000000 00:00 0                          [stack:12705]
7fba2c2eb000-7fba2c2ec000 ---p 00000000 00:00 0 
7fba2c2ec000-7fba2c3ec000 rw-p 00000000 00:00 0                          [stack:12704]
7fba2c3ec000-7fba2c3ed000 ---p 00000000 00:00 0 
7fba2c3ed000-7fba2c4ed000 rw-p 00000000 00:00 0                          [stack:12703]
7fba2c4ed000-7fba2c4ee000 ---p 00000000 00:00 0 
7fba2c4ee000-7fba2c5ee000 rw-p 00000000 00:00 0                          [stack:12702]
7fba2c5ee000-7fba2c5ef000 ---p 00000000 00:00 0 
7fba2c5ef000-7fba2c6ef000 rw-p 00000000 00:00 0                          [stack:12701]
7fba2c6ef000-7fba2c6f0000 ---p 00000000 00:00 0 
7fba2c6f0000-7fba2c7f0000 rw-p 00000000 00:00 0                          [stack:12700]
7fba2c7f0000-7fba2c7f1000 ---p 00000000 00:00 0 
7fba2c7f1000-7fba2c8f1000 rw-p 00000000 00:00 0                          [stack:12699]
7fba2c8f1000-7fba2c945000 rw-p 00000000 00:00 0 
7fba2c945000-7fba2ce28000 ---p 00000000 00:00 0 
7fba2ce28000-7fba2ce7c000 rw-p 00000000 00:00 0 
7fba2ce7c000-7fba2d35e000 ---p 00000000 00:00 0 
7fba2d35e000-7fba2d389000 rw-p 00000000 00:00 0 
7fba2d389000-7fba2d5fa000 ---p 00000000 00:00 0 
7fba2d5fa000-7fba2d619000 rw-p 00000000 00:00 0 
7fba2d619000-7fba2d9bb000 ---p 00000000 00:00 0 
7fba2d9bb000-7fba2d9d5000 r-xp 00000000 08:09 21889879                   /usr/lib/jvm/jdk1.8.0_45/jre/lib/amd64/libzip.so
7fba2d9d5000-7fba2dbd5000 ---p 0001a000 08:09 21889879                   /usr/lib/jvm/jdk1.8.0_45/jre/lib/amd64/libzip.so
7fba2dbd5000-7fba2dbd6000 rw-p 0001a000 08:09 21889879                   /usr/lib/jvm/jdk1.8.0_45/jre/lib/amd64/libzip.so
7fba2dbd6000-7fba2dc00000 r-xp 00000000 08:09 21889872                   /usr/lib/jvm/jdk1.8.0_45/jre/lib/amd64/libjava.so
7fba2dc00000-7fba2de00000 ---p 0002a000 08:09 21889872                   /usr/lib/jvm/jdk1.8.0_45/jre/lib/amd64/libjava.so
7fba2de00000-7fba2de02000 rw-p 0002a000 08:09 21889872                   /usr/lib/jvm/jdk1.8.0_45/jre/lib/amd64/libjava.so
7fba2de02000-7fba2de0f000 r-xp 00000000 08:09 21889914                   /usr/lib/jvm/jdk1.8.0_45/jre/lib/amd64/libverify.so
7fba2de0f000-7fba2e00f000 ---p 0000d000 08:09 21889914                   /usr/lib/jvm/jdk1.8.0_45/jre/lib/amd64/libverify.so
7fba2e00f000-7fba2e011000 rw-p 0000d000 08:09 21889914                   /usr/lib/jvm/jdk1.8.0_45/jre/lib/amd64/libverify.so
7fba2e011000-7fba2e018000 r-xp 00000000 08:06 538600                     /lib/x86_64-linux-gnu/librt-2.19.so
7fba2e018000-7fba2e217000 ---p 00007000 08:06 538600                     /lib/x86_64-linux-gnu/librt-2.19.so
7fba2e217000-7fba2e218000 r--p 00006000 08:06 538600                     /lib/x86_64-linux-gnu/librt-2.19.so
7fba2e218000-7fba2e219000 rw-p 00007000 08:06 538600                     /lib/x86_64-linux-gnu/librt-2.19.so
7fba2e219000-7fba2e319000 r-xp 00000000 08:06 538589                     /lib/x86_64-linux-gnu/libm-2.19.so
7fba2e319000-7fba2e518000 ---p 00100000 08:06 538589                     /lib/x86_64-linux-gnu/libm-2.19.so
7fba2e518000-7fba2e519000 r--p 000ff000 08:06 538589                     /lib/x86_64-linux-gnu/libm-2.19.so
7fba2e519000-7fba2e51a000 rw-p 00100000 08:06 538589                     /lib/x86_64-linux-gnu/libm-2.19.so
7fba2e51a000-7fba2f1c8000 r-xp 00000000 08:09 21889920                   /usr/lib/jvm/jdk1.8.0_45/jre/lib/amd64/server/libjvm.so
7fba2f1c8000-7fba2f3c7000 ---p 00cae000 08:09 21889920                   /usr/lib/jvm/jdk1.8.0_45/jre/lib/amd64/server/libjvm.so
7fba2f3c7000-7fba2f49e000 rw-p 00cad000 08:09 21889920                   /usr/lib/jvm/jdk1.8.0_45/jre/lib/amd64/server/libjvm.so
7fba2f49e000-7fba2f4e2000 rw-p 00000000 00:00 0 
7fba2f4e2000-7fba2f683000 r-xp 00000000 08:06 538583                     /lib/x86_64-linux-gnu/libc-2.19.so
7fba2f683000-7fba2f883000 ---p 001a1000 08:06 538583                     /lib/x86_64-linux-gnu/libc-2.19.so
7fba2f883000-7fba2f887000 r--p 001a1000 08:06 538583                     /lib/x86_64-linux-gnu/libc-2.19.so
7fba2f887000-7fba2f889000 rw-p 001a5000 08:06 538583                     /lib/x86_64-linux-gnu/libc-2.19.so
7fba2f889000-7fba2f88d000 rw-p 00000000 00:00 0 
7fba2f88d000-7fba2f890000 r-xp 00000000 08:06 538588                     /lib/x86_64-linux-gnu/libdl-2.19.so
7fba2f890000-7fba2fa8f000 ---p 00003000 08:06 538588                     /lib/x86_64-linux-gnu/libdl-2.19.so
7fba2fa8f000-7fba2fa90000 r--p 00002000 08:06 538588                     /lib/x86_64-linux-gnu/libdl-2.19.so
7fba2fa90000-7fba2fa91000 rw-p 00003000 08:06 538588                     /lib/x86_64-linux-gnu/libdl-2.19.so
7fba2fa91000-7fba2faa6000 r-xp 00000000 08:09 21890213                   /usr/lib/jvm/jdk1.8.0_45/lib/amd64/jli/libjli.so
7fba2faa6000-7fba2fca6000 ---p 00015000 08:09 21890213                   /usr/lib/jvm/jdk1.8.0_45/lib/amd64/jli/libjli.so
7fba2fca6000-7fba2fca7000 rw-p 00015000 08:09 21890213                   /usr/lib/jvm/jdk1.8.0_45/lib/amd64/jli/libjli.so
7fba2fca7000-7fba2fcbf000 r-xp 00000000 08:06 538577                     /lib/x86_64-linux-gnu/libpthread-2.19.so
7fba2fcbf000-7fba2febe000 ---p 00018000 08:06 538577                     /lib/x86_64-linux-gnu/libpthread-2.19.so
7fba2febe000-7fba2febf000 r--p 00017000 08:06 538577                     /lib/x86_64-linux-gnu/libpthread-2.19.so
7fba2febf000-7fba2fec0000 rw-p 00018000 08:06 538577                     /lib/x86_64-linux-gnu/libpthread-2.19.so
7fba2fec0000-7fba2fec4000 rw-p 00000000 00:00 0 
7fba2fec4000-7fba2fee5000 r-xp 00000000 08:06 538578                     /lib/x86_64-linux-gnu/ld-2.19.so
7fba2fee5000-7fba2ff06000 rw-p 00000000 00:00 0 
7fba2ff06000-7fba2ffb2000 r--s 00000000 08:07 644718                     /var/cache/nscd/passwd
7fba2ffb2000-7fba2ffb5000 ---p 00000000 00:00 0 
7fba2ffb5000-7fba300d8000 rw-p 00000000 00:00 0                          [stack:12698]
7fba300d8000-7fba300e0000 rw-s 00000000 08:08 440643                     /tmp/hsperfdata_3301571/12692
7fba300e0000-7fba300e1000 rw-p 00000000 00:00 0 
7fba300e1000-7fba300e2000 r--p 00000000 00:00 0 
7fba300e2000-7fba300e4000 rw-p 00000000 00:00 0 
7fba300e4000-7fba300e5000 r--p 00020000 08:06 538578                     /lib/x86_64-linux-gnu/ld-2.19.so
7fba300e5000-7fba300e6000 rw-p 00021000 08:06 538578                     /lib/x86_64-linux-gnu/ld-2.19.so
7fba300e6000-7fba300e7000 rw-p 00000000 00:00 0 
7ffcb18d0000-7ffcb18f1000 rw-p 00000000 00:00 0                          [stack]
7ffcb1936000-7ffcb1938000 r-xp 00000000 00:00 0                          [vdso]
7ffcb1938000-7ffcb193a000 r--p 00000000 00:00 0                          [vvar]
ffffffffff600000-ffffffffff601000 r-xp 00000000 00:00 0                  [vsyscall]

VM Arguments:
jvm_args: -Dfile.encoding=UTF-8 
java_command: boggle.client.BoggleMain 127.0.0.1 2006
java_class_path (initial): /users/nfs/Etu1/3301571/Boggle_PC2R/Boggle_Client/bin
Launcher Type: SUN_STANDARD

Environment Variables:
JAVA_HOME=/usr/lib/jvm/jdk1.8.0_45
CLASSPATH=.:/Infos/bd/client11/instantclient_11_2/ojdbc6.jar:.:/Infos/bd/client11/instantclient_11_2/ojdbc6.jar
PATH=/Infos/bd/public/bin:/Infos/bd/client11/instantclient_11_2:/Infos/bd/public/bin:/Infos/bd/client11/instantclient_11_2:/usr/local/pig-0.15.0/bin:/usr/kerberos/sbin:/usr/kerberos/bin:/usr/local/sbin:/usr/local/bin:/sbin:/bin:/usr/sbin:/usr/bin:/root/bin
LD_LIBRARY_PATH=/Infos/bd/client11/instantclient_11_2:/Infos/bd/client11/instantclient_11_2
SHELL=/bin/bash
DISPLAY=localhost:10.0

Signal Handlers:
SIGSEGV: [libjvm.so+0xaad1e0], sa_mask[0]=11111111011111111101111111111110, sa_flags=SA_RESTART|SA_SIGINFO
SIGBUS: [libjvm.so+0xaad1e0], sa_mask[0]=11111111011111111101111111111110, sa_flags=SA_RESTART|SA_SIGINFO
SIGFPE: [libjvm.so+0x90b450], sa_mask[0]=11111111011111111101111111111110, sa_flags=SA_RESTART|SA_SIGINFO
SIGPIPE: SIG_IGN, sa_mask[0]=00000000000010000000000000000000, sa_flags=SA_RESTART
SIGXFSZ: [libjvm.so+0x90b450], sa_mask[0]=11111111011111111101111111111110, sa_flags=SA_RESTART|SA_SIGINFO
SIGILL: [libjvm.so+0x90b450], sa_mask[0]=11111111011111111101111111111110, sa_flags=SA_RESTART|SA_SIGINFO
SIGUSR1: SIG_DFL, sa_mask[0]=00000000000000000000000000000000, sa_flags=none
SIGUSR2: [libjvm.so+0x90ca90], sa_mask[0]=00100000000000000000000000000000, sa_flags=SA_RESTART|SA_SIGINFO
SIGHUP: [libjvm.so+0x90dde0], sa_mask[0]=11111111011111111101111111111110, sa_flags=SA_RESTART|SA_SIGINFO
SIGINT: [libjvm.so+0x90dde0], sa_mask[0]=11111111011111111101111111111110, sa_flags=SA_RESTART|SA_SIGINFO
SIGTERM: [libjvm.so+0x90dde0], sa_mask[0]=11111111011111111101111111111110, sa_flags=SA_RESTART|SA_SIGINFO
SIGQUIT: [libjvm.so+0x90dde0], sa_mask[0]=11111111011111111101111111111110, sa_flags=SA_RESTART|SA_SIGINFO


---------------  S Y S T E M  ---------------

OS:PRETTY_NAME="Debian GNU/Linux 8 (jessie)"
NAME="Debian GNU/Linux"
VERSION_ID="8"
VERSION="8 (jessie)"
ID=debian
HOME_URL="http://www.debian.org/"
SUPPORT_URL="http://www.debian.org/support"
BUG_REPORT_URL="https://bugs.debian.org/"

uname:Linux 3.16.0-4-amd64 #1 SMP Debian 3.16.51-2 (2017-12-03) x86_64
libc:glibc 2.19 NPTL 2.19 
rlimit: STACK 8192k, CORE 0k, NPROC 63994, NOFILE 65536, AS infinity
load average:2,13 1,98 1,43

/proc/meminfo:
MemTotal:       16399608 kB
MemFree:         9429000 kB
MemAvailable:   13243968 kB
Buffers:           65104 kB
Cached:          1962468 kB
SwapCached:            0 kB
Active:          4050780 kB
Inactive:         553756 kB
Active(anon):    2578056 kB
Inactive(anon):    79180 kB
Active(file):    1472724 kB
Inactive(file):   474576 kB
Unevictable:           0 kB
Mlocked:               0 kB
SwapTotal:      15998972 kB
SwapFree:       15998972 kB
Dirty:               116 kB
Writeback:             0 kB
AnonPages:       2577052 kB
Mapped:           350788 kB
Shmem:             80292 kB
Slab:            2240588 kB
SReclaimable:    2121084 kB
SUnreclaim:       119504 kB
KernelStack:       10736 kB
PageTables:        33720 kB
NFS_Unstable:          0 kB
Bounce:                0 kB
WritebackTmp:          0 kB
CommitLimit:    24198776 kB
Committed_AS:    6849544 kB
VmallocTotal:   34359738367 kB
VmallocUsed:      161596 kB
VmallocChunk:   34359462568 kB
HardwareCorrupted:     0 kB
AnonHugePages:         0 kB
HugePages_Total:       0
HugePages_Free:        0
HugePages_Rsvd:        0
HugePages_Surp:        0
Hugepagesize:       2048 kB
DirectMap4k:      174184 kB
DirectMap2M:    10242048 kB
DirectMap1G:     6291456 kB


CPU:total 8 (4 cores per cpu, 2 threads per core) family 6 model 158 stepping 9, cmov, cx8, fxsr, mmx, sse, sse2, sse3, ssse3, sse4.1, sse4.2, popcnt, avx, avx2, aes, clmul, erms, rtm, 3dnowpref, lzcnt, ht, tsc, tscinvbit, bmi1, bmi2, adx

/proc/cpuinfo:
processor	: 0
vendor_id	: GenuineIntel
cpu family	: 6
model		: 158
model name	: Intel(R) Core(TM) i7-7700 CPU @ 3.60GHz
stepping	: 9
microcode	: 0x7c
cpu MHz		: 800.000
cache size	: 8192 KB
physical id	: 0
siblings	: 8
core id		: 0
cpu cores	: 4
apicid		: 0
initial apicid	: 0
fpu		: yes
fpu_exception	: yes
cpuid level	: 22
wp		: yes
flags		: fpu vme de pse tsc msr pae mce cx8 apic sep mtrr pge mca cmov pat pse36 clflush dts acpi mmx fxsr sse sse2 ss ht tm pbe syscall nx pdpe1gb rdtscp lm constant_tsc arch_perfmon pebs bts rep_good nopl xtopology nonstop_tsc aperfmperf eagerfpu pni pclmulqdq dtes64 monitor ds_cpl vmx smx est tm2 ssse3 fma cx16 xtpr pdcm pcid sse4_1 sse4_2 x2apic movbe popcnt tsc_deadline_timer aes xsave avx f16c rdrand lahf_lm abm 3dnowprefetch ida arat epb xsaveopt pln pts dtherm tpr_shadow vnmi flexpriority ept vpid fsgsbase tsc_adjust bmi1 hle avx2 smep bmi2 erms invpcid rtm mpx rdseed adx smap clflushopt
bogomips	: 7200.04
clflush size	: 64
cache_alignment	: 64
address sizes	: 39 bits physical, 48 bits virtual
power management:

processor	: 1
vendor_id	: GenuineIntel
cpu family	: 6
model		: 158
model name	: Intel(R) Core(TM) i7-7700 CPU @ 3.60GHz
stepping	: 9
microcode	: 0x7c
cpu MHz		: 800.000
cache size	: 8192 KB
physical id	: 0
siblings	: 8
core id		: 1
cpu cores	: 4
apicid		: 2
initial apicid	: 2
fpu		: yes
fpu_exception	: yes
cpuid level	: 22
wp		: yes
flags		: fpu vme de pse tsc msr pae mce cx8 apic sep mtrr pge mca cmov pat pse36 clflush dts acpi mmx fxsr sse sse2 ss ht tm pbe syscall nx pdpe1gb rdtscp lm constant_tsc arch_perfmon pebs bts rep_good nopl xtopology nonstop_tsc aperfmperf eagerfpu pni pclmulqdq dtes64 monitor ds_cpl vmx smx est tm2 ssse3 fma cx16 xtpr pdcm pcid sse4_1 sse4_2 x2apic movbe popcnt tsc_deadline_timer aes xsave avx f16c rdrand lahf_lm abm 3dnowprefetch ida arat epb xsaveopt pln pts dtherm tpr_shadow vnmi flexpriority ept vpid fsgsbase tsc_adjust bmi1 hle avx2 smep bmi2 erms invpcid rtm mpx rdseed adx smap clflushopt
bogomips	: 7200.04
clflush size	: 64
cache_alignment	: 64
address sizes	: 39 bits physical, 48 bits virtual
power management:

processor	: 2
vendor_id	: GenuineIntel
cpu family	: 6
model		: 158
model name	: Intel(R) Core(TM) i7-7700 CPU @ 3.60GHz
stepping	: 9
microcode	: 0x7c
cpu MHz		: 800.000
cache size	: 8192 KB
physical id	: 0
siblings	: 8
core id		: 2
cpu cores	: 4
apicid		: 4
initial apicid	: 4
fpu		: yes
fpu_exception	: yes
cpuid level	: 22
wp		: yes
flags		: fpu vme de pse tsc msr pae mce cx8 apic sep mtrr pge mca cmov pat pse36 clflush dts acpi mmx fxsr sse sse2 ss ht tm pbe syscall nx pdpe1gb rdtscp lm constant_tsc arch_perfmon pebs bts rep_good nopl xtopology nonstop_tsc aperfmperf eagerfpu pni pclmulqdq dtes64 monitor ds_cpl vmx smx est tm2 ssse3 fma cx16 xtpr pdcm pcid sse4_1 sse4_2 x2apic movbe popcnt tsc_deadline_timer aes xsave avx f16c rdrand lahf_lm abm 3dnowprefetch ida arat epb xsaveopt pln pts dtherm tpr_shadow vnmi flexpriority ept vpid fsgsbase tsc_adjust bmi1 hle avx2 smep bmi2 erms invpcid rtm mpx rdseed adx smap clflushopt
bogomips	: 7200.04
clflush size	: 64
cache_alignment	: 64
address sizes	: 39 bits physical, 48 bits virtual
power management:

processor	: 3
vendor_id	: GenuineIntel
cpu family	: 6
model		: 158
model name	: Intel(R) Core(TM) i7-7700 CPU @ 3.60GHz
stepping	: 9
microcode	: 0x7c
cpu MHz		: 800.000
cache size	: 8192 KB
physical id	: 0
siblings	: 8
core id		: 3
cpu cores	: 4
apicid		: 6
initial apicid	: 6
fpu		: yes
fpu_exception	: yes
cpuid level	: 22
wp		: yes
flags		: fpu vme de pse tsc msr pae mce cx8 apic sep mtrr pge mca cmov pat pse36 clflush dts acpi mmx fxsr sse sse2 ss ht tm pbe syscall nx pdpe1gb rdtscp lm constant_tsc arch_perfmon pebs bts rep_good nopl xtopology nonstop_tsc aperfmperf eagerfpu pni pclmulqdq dtes64 monitor ds_cpl vmx smx est tm2 ssse3 fma cx16 xtpr pdcm pcid sse4_1 sse4_2 x2apic movbe popcnt tsc_deadline_timer aes xsave avx f16c rdrand lahf_lm abm 3dnowprefetch ida arat epb xsaveopt pln pts dtherm tpr_shadow vnmi flexpriority ept vpid fsgsbase tsc_adjust bmi1 hle avx2 smep bmi2 erms invpcid rtm mpx rdseed adx smap clflushopt
bogomips	: 7200.04
clflush size	: 64
cache_alignment	: 64
address sizes	: 39 bits physical, 48 bits virtual
power management:

processor	: 4
vendor_id	: GenuineIntel
cpu family	: 6
model		: 158
model name	: Intel(R) Core(TM) i7-7700 CPU @ 3.60GHz
stepping	: 9
microcode	: 0x7c
cpu MHz		: 800.000
cache size	: 8192 KB
physical id	: 0
siblings	: 8
core id		: 0
cpu cores	: 4
apicid		: 1
initial apicid	: 1
fpu		: yes
fpu_exception	: yes
cpuid level	: 22
wp		: yes
flags		: fpu vme de pse tsc msr pae mce cx8 apic sep mtrr pge mca cmov pat pse36 clflush dts acpi mmx fxsr sse sse2 ss ht tm pbe syscall nx pdpe1gb rdtscp lm constant_tsc arch_perfmon pebs bts rep_good nopl xtopology nonstop_tsc aperfmperf eagerfpu pni pclmulqdq dtes64 monitor ds_cpl vmx smx est tm2 ssse3 fma cx16 xtpr pdcm pcid sse4_1 sse4_2 x2apic movbe popcnt tsc_deadline_timer aes xsave avx f16c rdrand lahf_lm abm 3dnowprefetch ida arat epb xsaveopt pln pts dtherm tpr_shadow vnmi flexpriority ept vpid fsgsbase tsc_adjust bmi1 hle avx2 smep bmi2 erms invpcid rtm mpx rdseed adx smap clflushopt
bogomips	: 7200.04
clflush size	: 64
cache_alignment	: 64
address sizes	: 39 bits physical, 48 bits virtual
power management:

processor	: 5
vendor_id	: GenuineIntel
cpu family	: 6
model		: 158
model name	: Intel(R) Core(TM) i7-7700 CPU @ 3.60GHz
stepping	: 9
microcode	: 0x7c
cpu MHz		: 3601.000
cache size	: 8192 KB
physical id	: 0
siblings	: 8
core id		: 1
cpu cores	: 4
apicid		: 3
initial apicid	: 3
fpu		: yes
fpu_exception	: yes
cpuid level	: 22
wp		: yes
flags		: fpu vme de pse tsc msr pae mce cx8 apic sep mtrr pge mca cmov pat pse36 clflush dts acpi mmx fxsr sse sse2 ss ht tm pbe syscall nx pdpe1gb rdtscp lm constant_tsc arch_perfmon pebs bts rep_good nopl xtopology nonstop_tsc aperfmperf eagerfpu pni pclmulqdq dtes64 monitor ds_cpl vmx smx est tm2 ssse3 fma cx16 xtpr pdcm pcid sse4_1 sse4_2 x2apic movbe popcnt tsc_deadline_timer aes xsave avx f16c rdrand lahf_lm abm 3dnowprefetch ida arat epb xsaveopt pln pts dtherm tpr_shadow vnmi flexpriority ept vpid fsgsbase tsc_adjust bmi1 hle avx2 smep bmi2 erms invpcid rtm mpx rdseed adx smap clflushopt
bogomips	: 7200.04
clflush size	: 64
cache_alignment	: 64
address sizes	: 39 bits physical, 48 bits virtual
power management:

processor	: 6
vendor_id	: GenuineIntel
cpu family	: 6
model		: 158
model name	: Intel(R) Core(TM) i7-7700 CPU @ 3.60GHz
stepping	: 9
microcode	: 0x7c
cpu MHz		: 1200.000
cache size	: 8192 KB
physical id	: 0
siblings	: 8
core id		: 2
cpu cores	: 4
apicid		: 5
initial apicid	: 5
fpu		: yes
fpu_exception	: yes
cpuid level	: 22
wp		: yes
flags		: fpu vme de pse tsc msr pae mce cx8 apic sep mtrr pge mca cmov pat pse36 clflush dts acpi mmx fxsr sse sse2 ss ht tm pbe syscall nx pdpe1gb rdtscp lm constant_tsc arch_perfmon pebs bts rep_good nopl xtopology nonstop_tsc aperfmperf eagerfpu pni pclmulqdq dtes64 monitor ds_cpl vmx smx est tm2 ssse3 fma cx16 xtpr pdcm pcid sse4_1 sse4_2 x2apic movbe popcnt tsc_deadline_timer aes xsave avx f16c rdrand lahf_lm abm 3dnowprefetch ida arat epb xsaveopt pln pts dtherm tpr_shadow vnmi flexpriority ept vpid fsgsbase tsc_adjust bmi1 hle avx2 smep bmi2 erms invpcid rtm mpx rdseed adx smap clflushopt
bogomips	: 7200.04
clflush size	: 64
cache_alignment	: 64
address sizes	: 39 bits physical, 48 bits virtual
power management:

processor	: 7
vendor_id	: GenuineIntel
cpu family	: 6
model		: 158
model name	: Intel(R) Core(TM) i7-7700 CPU @ 3.60GHz
stepping	: 9
microcode	: 0x7c
cpu MHz		: 800.000
cache size	: 8192 KB
physical id	: 0
siblings	: 8
core id		: 3
cpu cores	: 4
apicid		: 7
initial apicid	: 7
fpu		: yes
fpu_exception	: yes
cpuid level	: 22
wp		: yes
flags		: fpu vme de pse tsc msr pae mce cx8 apic sep mtrr pge mca cmov pat pse36 clflush dts acpi mmx fxsr sse sse2 ss ht tm pbe syscall nx pdpe1gb rdtscp lm constant_tsc arch_perfmon pebs bts rep_good nopl xtopology nonstop_tsc aperfmperf eagerfpu pni pclmulqdq dtes64 monitor ds_cpl vmx smx est tm2 ssse3 fma cx16 xtpr pdcm pcid sse4_1 sse4_2 x2apic movbe popcnt tsc_deadline_timer aes xsave avx f16c rdrand lahf_lm abm 3dnowprefetch ida arat epb xsaveopt pln pts dtherm tpr_shadow vnmi flexpriority ept vpid fsgsbase tsc_adjust bmi1 hle avx2 smep bmi2 erms invpcid rtm mpx rdseed adx smap clflushopt
bogomips	: 7200.04
clflush size	: 64
cache_alignment	: 64
address sizes	: 39 bits physical, 48 bits virtual
power management:



Memory: 4k page, physical 16399608k(9429000k free), swap 15998972k(15998972k free)

vm_info: Java HotSpot(TM) 64-Bit Server VM (25.45-b02) for linux-amd64 JRE (1.8.0_45-b14), built on Apr 10 2015 10:07:45 by "java_re" with gcc 4.3.0 20080428 (Red Hat 4.3.0-8)

time: Wed Apr 25 17:17:52 2018
elapsed time: 18 seconds (0d 0h 0m 18s)

